This is pdfTeX, Version 3.141592653-2.6-1.40.24 (TeX Live 2022/Arch Linux) (preloaded format=pdflatex 2022.5.27)  24 OCT 2022 13:29
entering extended mode
 \write18 enabled.
 file:line:error style messages enabled.
 %&-line parsing enabled.
**/home/jonathan/uni/thesis/seminar_talk/seminar-fg.tex
(/home/jonathan/uni/thesis/seminar_talk/seminar-fg.tex
LaTeX2e <2021-11-15> patch level 1
L3 programming layer <2022-04-10> (./tuhh_presentation.cls
Document Class: tuhh_presentation 
(/usr/share/texmf-dist/tex/latex/beamer/beamer.cls
Document Class: beamer 2022/02/08 v3.66 A class for typesetting presentations
(/usr/share/texmf-dist/tex/latex/beamer/beamerbasemodes.sty (/usr/share/texmf-dist/tex/latex/etoolbox/etoolbox.sty
Package: etoolbox 2020/10/05 v2.5k e-TeX tools for LaTeX (JAW)
\etb@tempcnta=\count185
)
\beamer@tempbox=\box50
\beamer@tempcount=\count186
\c@beamerpauses=\count187
 (/usr/share/texmf-dist/tex/latex/beamer/beamerbasedecode.sty
\beamer@slideinframe=\count188
\beamer@minimum=\count189
\beamer@decode@box=\box51
)
\beamer@commentbox=\box52
\beamer@modecount=\count190
) (/usr/share/texmf-dist/tex/generic/iftex/iftex.sty
Package: iftex 2022/02/03 v1.0f TeX engine tests
)
\headdp=\dimen138
\footheight=\dimen139
\sidebarheight=\dimen140
\beamer@tempdim=\dimen141
\beamer@finalheight=\dimen142
\beamer@animht=\dimen143
\beamer@animdp=\dimen144
\beamer@animwd=\dimen145
\beamer@leftmargin=\dimen146
\beamer@rightmargin=\dimen147
\beamer@leftsidebar=\dimen148
\beamer@rightsidebar=\dimen149
\beamer@boxsize=\dimen150
\beamer@vboxoffset=\dimen151
\beamer@descdefault=\dimen152
\beamer@descriptionwidth=\dimen153
\beamer@lastskip=\skip47
\beamer@areabox=\box53
\beamer@animcurrent=\box54
\beamer@animshowbox=\box55
\beamer@sectionbox=\box56
\beamer@logobox=\box57
\beamer@linebox=\box58
\beamer@sectioncount=\count191
\beamer@subsubsectionmax=\count192
\beamer@subsectionmax=\count193
\beamer@sectionmax=\count194
\beamer@totalheads=\count195
\beamer@headcounter=\count196
\beamer@partstartpage=\count197
\beamer@sectionstartpage=\count198
\beamer@subsectionstartpage=\count199
\beamer@animationtempa=\count266
\beamer@animationtempb=\count267
\beamer@xpos=\count268
\beamer@ypos=\count269
\beamer@ypos@offset=\count270
\beamer@showpartnumber=\count271
\beamer@currentsubsection=\count272
\beamer@coveringdepth=\count273
\beamer@sectionadjust=\count274
\beamer@toclastsection=\count275
\beamer@tocsectionnumber=\count276
 (/usr/share/texmf-dist/tex/latex/beamer/beamerbaseoptions.sty (/usr/share/texmf-dist/tex/latex/graphics/keyval.sty
Package: keyval 2014/10/28 v1.15 key=value parser (DPC)
\KV@toks@=\toks16
))
\beamer@paperwidth=\skip48
\beamer@paperheight=\skip49
 (/usr/share/texmf-dist/tex/latex/geometry/geometry.sty
Package: geometry 2020/01/02 v5.9 Page Geometry
 (/usr/share/texmf-dist/tex/generic/iftex/ifvtex.sty
Package: ifvtex 2019/10/25 v1.7 ifvtex legacy package. Use iftex instead.
)
\Gm@cnth=\count277
\Gm@cntv=\count278
\c@Gm@tempcnt=\count279
\Gm@bindingoffset=\dimen154
\Gm@wd@mp=\dimen155
\Gm@odd@mp=\dimen156
\Gm@even@mp=\dimen157
\Gm@layoutwidth=\dimen158
\Gm@layoutheight=\dimen159
\Gm@layouthoffset=\dimen160
\Gm@layoutvoffset=\dimen161
\Gm@dimlist=\toks17
) (/usr/share/texmf-dist/tex/latex/pgf/math/pgfmath.sty (/usr/share/texmf-dist/tex/latex/pgf/utilities/pgfrcs.sty (/usr/share/texmf-dist/tex/generic/pgf/utilities/pgfutil-common.tex
\pgfutil@everybye=\toks18
\pgfutil@tempdima=\dimen162
\pgfutil@tempdimb=\dimen163
 (/usr/share/texmf-dist/tex/generic/pgf/utilities/pgfutil-common-lists.tex)) (/usr/share/texmf-dist/tex/generic/pgf/utilities/pgfutil-latex.def
\pgfutil@abb=\box59
) (/usr/share/texmf-dist/tex/generic/pgf/utilities/pgfrcs.code.tex (/usr/share/texmf-dist/tex/generic/pgf/pgf.revision.tex)
Package: pgfrcs 2021/05/15 v3.1.9a (3.1.9a)
)) (/usr/share/texmf-dist/tex/latex/pgf/utilities/pgfkeys.sty (/usr/share/texmf-dist/tex/generic/pgf/utilities/pgfkeys.code.tex
\pgfkeys@pathtoks=\toks19
\pgfkeys@temptoks=\toks20
 (/usr/share/texmf-dist/tex/generic/pgf/utilities/pgfkeysfiltered.code.tex
\pgfkeys@tmptoks=\toks21
))) (/usr/share/texmf-dist/tex/generic/pgf/math/pgfmath.code.tex (/usr/share/texmf-dist/tex/generic/pgf/math/pgfmathcalc.code.tex (/usr/share/texmf-dist/tex/generic/pgf/math/pgfmathutil.code.tex
\pgf@x=\dimen164
\pgf@xa=\dimen165
\pgf@xb=\dimen166
\pgf@xc=\dimen167
\pgf@y=\dimen168
\pgf@ya=\dimen169
\pgf@yb=\dimen170
\pgf@yc=\dimen171
\c@pgf@counta=\count280
\c@pgf@countb=\count281
\c@pgf@countc=\count282
\c@pgf@countd=\count283
) (/usr/share/texmf-dist/tex/generic/pgf/math/pgfmathparser.code.tex
\pgfmath@dimen=\dimen172
\pgfmath@count=\count284
\pgfmath@box=\box60
\pgfmath@toks=\toks22
\pgfmath@stack@operand=\toks23
\pgfmath@stack@operation=\toks24
) (/usr/share/texmf-dist/tex/generic/pgf/math/pgfmathfunctions.code.tex (/usr/share/texmf-dist/tex/generic/pgf/math/pgfmathfunctions.basic.code.tex) (/usr/share/texmf-dist/tex/generic/pgf/math/pgfmathfunctions.trigonometric.code.tex) (/usr/share/texmf-dist/tex/generic/pgf/math/pgfmathfunctions.random.code.tex) (/usr/share/texmf-dist/tex/generic/pgf/math/pgfmathfunctions.comparison.code.tex) (/usr/share/texmf-dist/tex/generic/pgf/math/pgfmathfunctions.base.code.tex) (/usr/share/texmf-dist/tex/generic/pgf/math/pgfmathfunctions.round.code.tex) (/usr/share/texmf-dist/tex/generic/pgf/math/pgfmathfunctions.misc.code.tex) (/usr/share/texmf-dist/tex/generic/pgf/math/pgfmathfunctions.integerarithmetics.code.tex))) (/usr/share/texmf-dist/tex/generic/pgf/math/pgfmathfloat.code.tex
\c@pgfmathroundto@lastzeros=\count285
))) (/usr/share/texmf-dist/tex/latex/extsizes/size17.clo
File: size17.clo 1999/11/11 NON-Standard LaTeX file (size option)
) (/usr/share/texmf-dist/tex/latex/pgf/basiclayer/pgfcore.sty (/usr/share/texmf-dist/tex/latex/graphics/graphicx.sty
Package: graphicx 2021/09/16 v1.2d Enhanced LaTeX Graphics (DPC,SPQR)
 (/usr/share/texmf-dist/tex/latex/graphics/graphics.sty
Package: graphics 2021/03/04 v1.4d Standard LaTeX Graphics (DPC,SPQR)
 (/usr/share/texmf-dist/tex/latex/graphics/trig.sty
Package: trig 2021/08/11 v1.11 sin cos tan (DPC)
) (/usr/share/texmf-dist/tex/latex/graphics-cfg/graphics.cfg
File: graphics.cfg 2016/06/04 v1.11 sample graphics configuration
)
Package graphics Info: Driver file: pdftex.def on input line 107.
 (/usr/share/texmf-dist/tex/latex/graphics-def/pdftex.def
File: pdftex.def 2020/10/05 v1.2a Graphics/color driver for pdftex
))
\Gin@req@height=\dimen173
\Gin@req@width=\dimen174
) (/usr/share/texmf-dist/tex/latex/pgf/systemlayer/pgfsys.sty (/usr/share/texmf-dist/tex/generic/pgf/systemlayer/pgfsys.code.tex
Package: pgfsys 2021/05/15 v3.1.9a (3.1.9a)
 (/usr/share/texmf-dist/tex/generic/pgf/utilities/pgfkeys.code.tex)
\pgf@x=\dimen175
\pgf@y=\dimen176
\pgf@xa=\dimen177
\pgf@ya=\dimen178
\pgf@xb=\dimen179
\pgf@yb=\dimen180
\pgf@xc=\dimen181
\pgf@yc=\dimen182
\pgf@xd=\dimen183
\pgf@yd=\dimen184
\w@pgf@writea=\write3
\r@pgf@reada=\read2
\c@pgf@counta=\count286
\c@pgf@countb=\count287
\c@pgf@countc=\count288
\c@pgf@countd=\count289
\t@pgf@toka=\toks25
\t@pgf@tokb=\toks26
\t@pgf@tokc=\toks27
\pgf@sys@id@count=\count290
 (/usr/share/texmf-dist/tex/generic/pgf/systemlayer/pgf.cfg
File: pgf.cfg 2021/05/15 v3.1.9a (3.1.9a)
)
Driver file for pgf: pgfsys-pdftex.def
 (/usr/share/texmf-dist/tex/generic/pgf/systemlayer/pgfsys-pdftex.def
File: pgfsys-pdftex.def 2021/05/15 v3.1.9a (3.1.9a)
 (/usr/share/texmf-dist/tex/generic/pgf/systemlayer/pgfsys-common-pdf.def
File: pgfsys-common-pdf.def 2021/05/15 v3.1.9a (3.1.9a)
))) (/usr/share/texmf-dist/tex/generic/pgf/systemlayer/pgfsyssoftpath.code.tex
File: pgfsyssoftpath.code.tex 2021/05/15 v3.1.9a (3.1.9a)
\pgfsyssoftpath@smallbuffer@items=\count291
\pgfsyssoftpath@bigbuffer@items=\count292
) (/usr/share/texmf-dist/tex/generic/pgf/systemlayer/pgfsysprotocol.code.tex
File: pgfsysprotocol.code.tex 2021/05/15 v3.1.9a (3.1.9a)
)) (/usr/share/texmf-dist/tex/latex/xcolor/xcolor.sty
Package: xcolor 2021/10/31 v2.13 LaTeX color extensions (UK)
 (/usr/share/texmf-dist/tex/latex/graphics-cfg/color.cfg
File: color.cfg 2016/01/02 v1.6 sample color configuration
)
Package xcolor Info: Driver file: pdftex.def on input line 227.
Package xcolor Info: Model `cmy' substituted by `cmy0' on input line 1352.
Package xcolor Info: Model `hsb' substituted by `rgb' on input line 1356.
Package xcolor Info: Model `RGB' extended on input line 1368.
Package xcolor Info: Model `HTML' substituted by `rgb' on input line 1370.
Package xcolor Info: Model `Hsb' substituted by `hsb' on input line 1371.
Package xcolor Info: Model `tHsb' substituted by `hsb' on input line 1372.
Package xcolor Info: Model `HSB' substituted by `hsb' on input line 1373.
Package xcolor Info: Model `Gray' substituted by `gray' on input line 1374.
Package xcolor Info: Model `wave' substituted by `hsb' on input line 1375.
) (/usr/share/texmf-dist/tex/generic/pgf/basiclayer/pgfcore.code.tex
Package: pgfcore 2021/05/15 v3.1.9a (3.1.9a)
 (/usr/share/texmf-dist/tex/generic/pgf/math/pgfmath.code.tex) (/usr/share/texmf-dist/tex/generic/pgf/math/pgfint.code.tex) (/usr/share/texmf-dist/tex/generic/pgf/basiclayer/pgfcorepoints.code.tex
File: pgfcorepoints.code.tex 2021/05/15 v3.1.9a (3.1.9a)
\pgf@picminx=\dimen185
\pgf@picmaxx=\dimen186
\pgf@picminy=\dimen187
\pgf@picmaxy=\dimen188
\pgf@pathminx=\dimen189
\pgf@pathmaxx=\dimen190
\pgf@pathminy=\dimen191
\pgf@pathmaxy=\dimen192
\pgf@xx=\dimen193
\pgf@xy=\dimen194
\pgf@yx=\dimen195
\pgf@yy=\dimen196
\pgf@zx=\dimen197
\pgf@zy=\dimen198
) (/usr/share/texmf-dist/tex/generic/pgf/basiclayer/pgfcorepathconstruct.code.tex
File: pgfcorepathconstruct.code.tex 2021/05/15 v3.1.9a (3.1.9a)
\pgf@path@lastx=\dimen199
\pgf@path@lasty=\dimen256
) (/usr/share/texmf-dist/tex/generic/pgf/basiclayer/pgfcorepathusage.code.tex
File: pgfcorepathusage.code.tex 2021/05/15 v3.1.9a (3.1.9a)
\pgf@shorten@end@additional=\dimen257
\pgf@shorten@start@additional=\dimen258
) (/usr/share/texmf-dist/tex/generic/pgf/basiclayer/pgfcorescopes.code.tex
File: pgfcorescopes.code.tex 2021/05/15 v3.1.9a (3.1.9a)
\pgfpic=\box61
\pgf@hbox=\box62
\pgf@layerbox@main=\box63
\pgf@picture@serial@count=\count293
) (/usr/share/texmf-dist/tex/generic/pgf/basiclayer/pgfcoregraphicstate.code.tex
File: pgfcoregraphicstate.code.tex 2021/05/15 v3.1.9a (3.1.9a)
\pgflinewidth=\dimen259
) (/usr/share/texmf-dist/tex/generic/pgf/basiclayer/pgfcoretransformations.code.tex
File: pgfcoretransformations.code.tex 2021/05/15 v3.1.9a (3.1.9a)
\pgf@pt@x=\dimen260
\pgf@pt@y=\dimen261
\pgf@pt@temp=\dimen262
) (/usr/share/texmf-dist/tex/generic/pgf/basiclayer/pgfcorequick.code.tex
File: pgfcorequick.code.tex 2021/05/15 v3.1.9a (3.1.9a)
) (/usr/share/texmf-dist/tex/generic/pgf/basiclayer/pgfcoreobjects.code.tex
File: pgfcoreobjects.code.tex 2021/05/15 v3.1.9a (3.1.9a)
) (/usr/share/texmf-dist/tex/generic/pgf/basiclayer/pgfcorepathprocessing.code.tex
File: pgfcorepathprocessing.code.tex 2021/05/15 v3.1.9a (3.1.9a)
) (/usr/share/texmf-dist/tex/generic/pgf/basiclayer/pgfcorearrows.code.tex
File: pgfcorearrows.code.tex 2021/05/15 v3.1.9a (3.1.9a)
\pgfarrowsep=\dimen263
) (/usr/share/texmf-dist/tex/generic/pgf/basiclayer/pgfcoreshade.code.tex
File: pgfcoreshade.code.tex 2021/05/15 v3.1.9a (3.1.9a)
\pgf@max=\dimen264
\pgf@sys@shading@range@num=\count294
\pgf@shadingcount=\count295
) (/usr/share/texmf-dist/tex/generic/pgf/basiclayer/pgfcoreimage.code.tex
File: pgfcoreimage.code.tex 2021/05/15 v3.1.9a (3.1.9a)
 (/usr/share/texmf-dist/tex/generic/pgf/basiclayer/pgfcoreexternal.code.tex
File: pgfcoreexternal.code.tex 2021/05/15 v3.1.9a (3.1.9a)
\pgfexternal@startupbox=\box64
)) (/usr/share/texmf-dist/tex/generic/pgf/basiclayer/pgfcorelayers.code.tex
File: pgfcorelayers.code.tex 2021/05/15 v3.1.9a (3.1.9a)
) (/usr/share/texmf-dist/tex/generic/pgf/basiclayer/pgfcoretransparency.code.tex
File: pgfcoretransparency.code.tex 2021/05/15 v3.1.9a (3.1.9a)
) (/usr/share/texmf-dist/tex/generic/pgf/basiclayer/pgfcorepatterns.code.tex
File: pgfcorepatterns.code.tex 2021/05/15 v3.1.9a (3.1.9a)
) (/usr/share/texmf-dist/tex/generic/pgf/basiclayer/pgfcorerdf.code.tex
File: pgfcorerdf.code.tex 2021/05/15 v3.1.9a (3.1.9a)
))) (/usr/share/texmf-dist/tex/latex/pgf/utilities/xxcolor.sty
Package: xxcolor 2003/10/24 ver 0.1
\XC@nummixins=\count296
\XC@countmixins=\count297
) (/usr/share/texmf-dist/tex/latex/base/atbegshi-ltx.sty
Package: atbegshi-ltx 2021/01/10 v1.0c Emulation of the original atbegshi
package with kernel methods
) (/usr/share/texmf-dist/tex/latex/hyperref/hyperref.sty
Package: hyperref 2022-02-21 v7.00n Hypertext links for LaTeX
 (/usr/share/texmf-dist/tex/generic/ltxcmds/ltxcmds.sty
Package: ltxcmds 2020-05-10 v1.25 LaTeX kernel commands for general use (HO)
) (/usr/share/texmf-dist/tex/generic/pdftexcmds/pdftexcmds.sty
Package: pdftexcmds 2020-06-27 v0.33 Utility functions of pdfTeX for LuaTeX (HO)
 (/usr/share/texmf-dist/tex/generic/infwarerr/infwarerr.sty
Package: infwarerr 2019/12/03 v1.5 Providing info/warning/error messages (HO)
)
Package pdftexcmds Info: \pdf@primitive is available.
Package pdftexcmds Info: \pdf@ifprimitive is available.
Package pdftexcmds Info: \pdfdraftmode found.
) (/usr/share/texmf-dist/tex/generic/kvsetkeys/kvsetkeys.sty
Package: kvsetkeys 2019/12/15 v1.18 Key value parser (HO)
) (/usr/share/texmf-dist/tex/generic/kvdefinekeys/kvdefinekeys.sty
Package: kvdefinekeys 2019-12-19 v1.6 Define keys (HO)
) (/usr/share/texmf-dist/tex/generic/pdfescape/pdfescape.sty
Package: pdfescape 2019/12/09 v1.15 Implements pdfTeX's escape features (HO)
) (/usr/share/texmf-dist/tex/latex/hycolor/hycolor.sty
Package: hycolor 2020-01-27 v1.10 Color options for hyperref/bookmark (HO)
) (/usr/share/texmf-dist/tex/latex/letltxmacro/letltxmacro.sty
Package: letltxmacro 2019/12/03 v1.6 Let assignment for LaTeX macros (HO)
) (/usr/share/texmf-dist/tex/latex/auxhook/auxhook.sty
Package: auxhook 2019-12-17 v1.6 Hooks for auxiliary files (HO)
) (/usr/share/texmf-dist/tex/latex/kvoptions/kvoptions.sty
Package: kvoptions 2020-10-07 v3.14 Key value format for package options (HO)
)
\@linkdim=\dimen265
\Hy@linkcounter=\count298
\Hy@pagecounter=\count299
 (/usr/share/texmf-dist/tex/latex/hyperref/pd1enc.def
File: pd1enc.def 2022-02-21 v7.00n Hyperref: PDFDocEncoding definition (HO)
Now handling font encoding PD1 ...
... no UTF-8 mapping file for font encoding PD1
) (/usr/share/texmf-dist/tex/generic/intcalc/intcalc.sty
Package: intcalc 2019/12/15 v1.3 Expandable calculations with integers (HO)
) (/usr/share/texmf-dist/tex/generic/etexcmds/etexcmds.sty
Package: etexcmds 2019/12/15 v1.7 Avoid name clashes with e-TeX commands (HO)
)
\Hy@SavedSpaceFactor=\count300
 (/usr/share/texmf-dist/tex/latex/hyperref/puenc.def
File: puenc.def 2022-02-21 v7.00n Hyperref: PDF Unicode definition (HO)
Now handling font encoding PU ...
... no UTF-8 mapping file for font encoding PU
)
Package hyperref Info: Option `bookmarks' set `true' on input line 4018.
Package hyperref Info: Option `bookmarksopen' set `true' on input line 4018.
Package hyperref Info: Option `implicit' set `false' on input line 4018.
Package hyperref Info: Hyper figures OFF on input line 4137.
Package hyperref Info: Link nesting OFF on input line 4142.
Package hyperref Info: Hyper index ON on input line 4145.
Package hyperref Info: Plain pages OFF on input line 4152.
Package hyperref Info: Backreferencing OFF on input line 4157.
Package hyperref Info: Implicit mode OFF; no redefinition of LaTeX internals.
Package hyperref Info: Bookmarks ON on input line 4390.
\c@Hy@tempcnt=\count301
 (/usr/share/texmf-dist/tex/latex/url/url.sty
\Urlmuskip=\muskip16
Package: url 2013/09/16  ver 3.4  Verb mode for urls, etc.
)
LaTeX Info: Redefining \url on input line 4749.
\XeTeXLinkMargin=\dimen266
 (/usr/share/texmf-dist/tex/generic/bitset/bitset.sty
Package: bitset 2019/12/09 v1.3 Handle bit-vector datatype (HO)
 (/usr/share/texmf-dist/tex/generic/bigintcalc/bigintcalc.sty
Package: bigintcalc 2019/12/15 v1.5 Expandable calculations on big integers (HO)
))
\Fld@menulength=\count302
\Field@Width=\dimen267
\Fld@charsize=\dimen268
Package hyperref Info: Hyper figures OFF on input line 6027.
Package hyperref Info: Link nesting OFF on input line 6032.
Package hyperref Info: Hyper index ON on input line 6035.
Package hyperref Info: backreferencing OFF on input line 6042.
Package hyperref Info: Link coloring OFF on input line 6047.
Package hyperref Info: Link coloring with OCG OFF on input line 6052.
Package hyperref Info: PDF/A mode OFF on input line 6057.
LaTeX Info: Redefining \ref on input line 6097.
LaTeX Info: Redefining \pageref on input line 6101.
\Hy@abspage=\count303


Package hyperref Message: Stopped early.

)
Package hyperref Info: Driver (autodetected): hpdftex.
 (/usr/share/texmf-dist/tex/latex/hyperref/hpdftex.def
File: hpdftex.def 2022-02-21 v7.00n Hyperref driver for pdfTeX
 (/usr/share/texmf-dist/tex/latex/base/atveryend-ltx.sty
Package: atveryend-ltx 2020/08/19 v1.0a Emulation of the original atveryend package
with kernel methods
)
\Fld@listcount=\count304
\c@bookmark@seq@number=\count305
 (/usr/share/texmf-dist/tex/latex/rerunfilecheck/rerunfilecheck.sty
Package: rerunfilecheck 2019/12/05 v1.9 Rerun checks for auxiliary files (HO)
 (/usr/share/texmf-dist/tex/generic/uniquecounter/uniquecounter.sty
Package: uniquecounter 2019/12/15 v1.4 Provide unlimited unique counter (HO)
)
Package uniquecounter Info: New unique counter `rerunfilecheck' on input line 286.
)) (/usr/share/texmf-dist/tex/latex/beamer/beamerbaserequires.sty (/usr/share/texmf-dist/tex/latex/beamer/beamerbasecompatibility.sty) (/usr/share/texmf-dist/tex/latex/beamer/beamerbasefont.sty (/usr/share/texmf-dist/tex/latex/amsfonts/amssymb.sty
Package: amssymb 2013/01/14 v3.01 AMS font symbols
 (/usr/share/texmf-dist/tex/latex/amsfonts/amsfonts.sty
Package: amsfonts 2013/01/14 v3.01 Basic AMSFonts support
\@emptytoks=\toks28
\symAMSa=\mathgroup4
\symAMSb=\mathgroup5
LaTeX Font Info:    Redeclaring math symbol \hbar on input line 98.
LaTeX Font Info:    Overwriting math alphabet `\mathfrak' in version `bold'
(Font)                  U/euf/m/n --> U/euf/b/n on input line 106.
)) (/usr/share/texmf-dist/tex/latex/sansmathaccent/sansmathaccent.sty
Package: sansmathaccent 2020/01/31
 (/usr/share/texmf-dist/tex/latex/koma-script/scrlfile.sty
Package: scrlfile 2021/11/13 v3.35 KOMA-Script package (file load hooks)
 (/usr/share/texmf-dist/tex/latex/koma-script/scrlfile-hook.sty
Package: scrlfile-hook 2021/11/13 v3.35 KOMA-Script package (using LaTeX hooks)
 (/usr/share/texmf-dist/tex/latex/koma-script/scrlogo.sty
Package: scrlogo 2021/11/13 v3.35 KOMA-Script package (logo)
))))) (/usr/share/texmf-dist/tex/latex/beamer/beamerbasetranslator.sty (/usr/share/texmf-dist/tex/latex/translator/translator.sty
Package: translator 2021-05-31 v1.12d Easy translation of strings in LaTeX
)) (/usr/share/texmf-dist/tex/latex/beamer/beamerbasemisc.sty) (/usr/share/texmf-dist/tex/latex/beamer/beamerbasetwoscreens.sty) (/usr/share/texmf-dist/tex/latex/beamer/beamerbaseoverlay.sty
\beamer@argscount=\count306
\beamer@lastskipcover=\skip50
\beamer@trivlistdepth=\count307
) (/usr/share/texmf-dist/tex/latex/beamer/beamerbasetitle.sty) (/usr/share/texmf-dist/tex/latex/beamer/beamerbasesection.sty
\c@lecture=\count308
\c@part=\count309
\c@section=\count310
\c@subsection=\count311
\c@subsubsection=\count312
) (/usr/share/texmf-dist/tex/latex/beamer/beamerbaseframe.sty
\beamer@framebox=\box65
\beamer@frametitlebox=\box66
\beamer@zoombox=\box67
\beamer@zoomcount=\count313
\beamer@zoomframecount=\count314
\beamer@frametextheight=\dimen269
\c@subsectionslide=\count315
\beamer@frametopskip=\skip51
\beamer@framebottomskip=\skip52
\beamer@frametopskipautobreak=\skip53
\beamer@framebottomskipautobreak=\skip54
\beamer@envbody=\toks29
\framewidth=\dimen270
\c@framenumber=\count316
) (/usr/share/texmf-dist/tex/latex/beamer/beamerbaseverbatim.sty
\beamer@verbatimfileout=\write4
) (/usr/share/texmf-dist/tex/latex/beamer/beamerbaseframesize.sty
\beamer@splitbox=\box68
\beamer@autobreakcount=\count317
\beamer@autobreaklastheight=\dimen271
\beamer@frametitletoks=\toks30
\beamer@framesubtitletoks=\toks31
) (/usr/share/texmf-dist/tex/latex/beamer/beamerbaseframecomponents.sty
\beamer@footins=\box69
) (/usr/share/texmf-dist/tex/latex/beamer/beamerbasecolor.sty) (/usr/share/texmf-dist/tex/latex/beamer/beamerbasenotes.sty
\beamer@frameboxcopy=\box70
) (/usr/share/texmf-dist/tex/latex/beamer/beamerbasetoc.sty) (/usr/share/texmf-dist/tex/latex/beamer/beamerbasetemplates.sty
\beamer@sbttoks=\toks32
 (/usr/share/texmf-dist/tex/latex/beamer/beamerbaseauxtemplates.sty (/usr/share/texmf-dist/tex/latex/beamer/beamerbaseboxes.sty
\bmb@box=\box71
\bmb@colorbox=\box72
\bmb@boxwidth=\dimen272
\bmb@boxheight=\dimen273
\bmb@prevheight=\dimen274
\bmb@temp=\dimen275
\bmb@dima=\dimen276
\bmb@dimb=\dimen277
\bmb@prevheight=\dimen278
)
\beamer@blockheadheight=\dimen279
)) (/usr/share/texmf-dist/tex/latex/beamer/beamerbaselocalstructure.sty (/usr/share/texmf-dist/tex/latex/tools/enumerate.sty
Package: enumerate 2015/07/23 v3.00 enumerate extensions (DPC)
\@enLab=\toks33
)
\beamer@bibiconwidth=\skip55
\c@figure=\count318
\c@table=\count319
\abovecaptionskip=\skip56
\belowcaptionskip=\skip57
) (/usr/share/texmf-dist/tex/latex/beamer/beamerbasenavigation.sty
\beamer@section@min@dim=\dimen280
) (/usr/share/texmf-dist/tex/latex/beamer/beamerbasetheorems.sty (/usr/share/texmf-dist/tex/latex/amsmath/amsmath.sty
Package: amsmath 2021/10/15 v2.17l AMS math features
\@mathmargin=\skip58

For additional information on amsmath, use the `?' option.
(/usr/share/texmf-dist/tex/latex/amsmath/amstext.sty
Package: amstext 2021/08/26 v2.01 AMS text
 (/usr/share/texmf-dist/tex/latex/amsmath/amsgen.sty
File: amsgen.sty 1999/11/30 v2.0 generic functions
\@emptytoks=\toks34
\ex@=\dimen281
)) (/usr/share/texmf-dist/tex/latex/amsmath/amsbsy.sty
Package: amsbsy 1999/11/29 v1.2d Bold Symbols
\pmbraise@=\dimen282
) (/usr/share/texmf-dist/tex/latex/amsmath/amsopn.sty
Package: amsopn 2021/08/26 v2.02 operator names
)
\inf@bad=\count320
LaTeX Info: Redefining \frac on input line 234.
\uproot@=\count321
\leftroot@=\count322
LaTeX Info: Redefining \overline on input line 399.
\classnum@=\count323
\DOTSCASE@=\count324
LaTeX Info: Redefining \ldots on input line 496.
LaTeX Info: Redefining \dots on input line 499.
LaTeX Info: Redefining \cdots on input line 620.
\Mathstrutbox@=\box73
\strutbox@=\box74
\big@size=\dimen283
LaTeX Font Info:    Redeclaring font encoding OML on input line 743.
LaTeX Font Info:    Redeclaring font encoding OMS on input line 744.
\macc@depth=\count325
\c@MaxMatrixCols=\count326
\dotsspace@=\muskip17
\c@parentequation=\count327
\dspbrk@lvl=\count328
\tag@help=\toks35
\row@=\count329
\column@=\count330
\maxfields@=\count331
\andhelp@=\toks36
\eqnshift@=\dimen284
\alignsep@=\dimen285
\tagshift@=\dimen286
\tagwidth@=\dimen287
\totwidth@=\dimen288
\lineht@=\dimen289
\@envbody=\toks37
\multlinegap=\skip59
\multlinetaggap=\skip60
\mathdisplay@stack=\toks38
LaTeX Info: Redefining \[ on input line 2938.
LaTeX Info: Redefining \] on input line 2939.
) (/usr/share/texmf-dist/tex/latex/amscls/amsthm.sty
Package: amsthm 2020/05/29 v2.20.6
\thm@style=\toks39
\thm@bodyfont=\toks40
\thm@headfont=\toks41
\thm@notefont=\toks42
\thm@headpunct=\toks43
\thm@preskip=\skip61
\thm@postskip=\skip62
\thm@headsep=\skip63
\dth@everypar=\toks44
)
\c@theorem=\count332
) (/usr/share/texmf-dist/tex/latex/beamer/beamerbasethemes.sty)) (/usr/share/texmf-dist/tex/latex/beamer/beamerthemedefault.sty (/usr/share/texmf-dist/tex/latex/beamer/beamerfontthemedefault.sty) (/usr/share/texmf-dist/tex/latex/beamer/beamercolorthemedefault.sty) (/usr/share/texmf-dist/tex/latex/beamer/beamerinnerthemedefault.sty
\beamer@dima=\dimen290
\beamer@dimb=\dimen291
) (/usr/share/texmf-dist/tex/latex/beamer/beamerouterthemedefault.sty))) (./beamerthemetuhh.sty (/usr/share/texmf-dist/tex/latex/pgf/frontendlayer/tikz.sty (/usr/share/texmf-dist/tex/latex/pgf/basiclayer/pgf.sty
Package: pgf 2021/05/15 v3.1.9a (3.1.9a)
 (/usr/share/texmf-dist/tex/generic/pgf/modules/pgfmoduleshapes.code.tex
File: pgfmoduleshapes.code.tex 2021/05/15 v3.1.9a (3.1.9a)
\pgfnodeparttextbox=\box75
) (/usr/share/texmf-dist/tex/generic/pgf/modules/pgfmoduleplot.code.tex
File: pgfmoduleplot.code.tex 2021/05/15 v3.1.9a (3.1.9a)
) (/usr/share/texmf-dist/tex/latex/pgf/compatibility/pgfcomp-version-0-65.sty
Package: pgfcomp-version-0-65 2021/05/15 v3.1.9a (3.1.9a)
\pgf@nodesepstart=\dimen292
\pgf@nodesepend=\dimen293
) (/usr/share/texmf-dist/tex/latex/pgf/compatibility/pgfcomp-version-1-18.sty
Package: pgfcomp-version-1-18 2021/05/15 v3.1.9a (3.1.9a)
)) (/usr/share/texmf-dist/tex/latex/pgf/utilities/pgffor.sty (/usr/share/texmf-dist/tex/generic/pgf/utilities/pgffor.code.tex
Package: pgffor 2021/05/15 v3.1.9a (3.1.9a)
 (/usr/share/texmf-dist/tex/generic/pgf/math/pgfmath.code.tex)
\pgffor@iter=\dimen294
\pgffor@skip=\dimen295
\pgffor@stack=\toks45
\pgffor@toks=\toks46
)) (/usr/share/texmf-dist/tex/generic/pgf/frontendlayer/tikz/tikz.code.tex
Package: tikz 2021/05/15 v3.1.9a (3.1.9a)
 (/usr/share/texmf-dist/tex/generic/pgf/libraries/pgflibraryplothandlers.code.tex
File: pgflibraryplothandlers.code.tex 2021/05/15 v3.1.9a (3.1.9a)
\pgf@plot@mark@count=\count333
\pgfplotmarksize=\dimen296
)
\tikz@lastx=\dimen297
\tikz@lasty=\dimen298
\tikz@lastxsaved=\dimen299
\tikz@lastysaved=\dimen300
\tikz@lastmovetox=\dimen301
\tikz@lastmovetoy=\dimen302
\tikzleveldistance=\dimen303
\tikzsiblingdistance=\dimen304
\tikz@figbox=\box76
\tikz@figbox@bg=\box77
\tikz@tempbox=\box78
\tikz@tempbox@bg=\box79
\tikztreelevel=\count334
\tikznumberofchildren=\count335
\tikznumberofcurrentchild=\count336
\tikz@fig@count=\count337
 (/usr/share/texmf-dist/tex/generic/pgf/modules/pgfmodulematrix.code.tex
File: pgfmodulematrix.code.tex 2021/05/15 v3.1.9a (3.1.9a)
\pgfmatrixcurrentrow=\count338
\pgfmatrixcurrentcolumn=\count339
\pgf@matrix@numberofcolumns=\count340
)
\tikz@expandcount=\count341
 (/usr/share/texmf-dist/tex/generic/pgf/frontendlayer/tikz/libraries/tikzlibrarytopaths.code.tex
File: tikzlibrarytopaths.code.tex 2021/05/15 v3.1.9a (3.1.9a)
))) (/usr/share/texmf-dist/tex/latex/tikzpagenodes/tikzpagenodes.sty
Package: tikzpagenodes 2012/09/16 v1.1 Special PGF/TikZ nodes for areas of the page
 (/usr/share/texmf-dist/tex/latex/ifoddpage/ifoddpage.sty
Package: ifoddpage 2016/04/23 v1.1 Conditionals for odd/even page detection
\c@checkoddpage=\count342
)) (/usr/share/texmf-dist/tex/latex/enumitem/enumitem.sty
Package: enumitem 2019/06/20 v3.9 Customized lists
\labelindent=\skip64
\enit@outerparindent=\dimen305
\enit@toks=\toks47
\enit@inbox=\box80
\enit@count@id=\count343
\enitdp@description=\count344
) (/usr/share/texmf-dist/tex/latex/colortbl/colortbl.sty
Package: colortbl 2020/01/04 v1.0e Color table columns (DPC)
 (/usr/share/texmf-dist/tex/latex/tools/array.sty
Package: array 2021/10/04 v2.5f Tabular extension package (FMi)
\col@sep=\dimen306
\ar@mcellbox=\box81
\extrarowheight=\dimen307
\NC@list=\toks48
\extratabsurround=\skip65
\backup@length=\skip66
\ar@cellbox=\box82
)
\everycr=\toks49
\minrowclearance=\skip67
) (./beamerinnerthemetuhh.sty) (./beamerouterthemetuhh.sty) (./beamercolorthemetuhh.sty) (./beamerfontthemetuhh.sty)
Package hyperref Info: Option `colorlinks' set `true' on input line 25.
) (./.poppins_font/poppins.sty
Package: .poppins_font/poppins 
){/var/lib/texmf/fonts/map/pdftex/updmap/pdftex.map}{.poppins_font/Poppins.map} (/usr/share/texmf-dist/tex/latex/datetime2/datetime2.sty
Package: datetime2 2021/03/21 v1.5.7 (NLCT) date and time formats
 (/usr/share/texmf-dist/tex/latex/tracklang/tracklang.sty
Package: tracklang 2020/06/30 v1.5 (NLCT) Track Languages
 (/usr/share/texmf-dist/tex/generic/tracklang/tracklang.tex)) (/usr/share/texmf-dist/tex/latex/xkeyval/xkeyval.sty
Package: xkeyval 2020/11/20 v2.8 package option processing (HA)
 (/usr/share/texmf-dist/tex/generic/xkeyval/xkeyval.tex (/usr/share/texmf-dist/tex/generic/xkeyval/xkvutils.tex
\XKV@toks=\toks50
\XKV@tempa@toks=\toks51
)
\XKV@depth=\count345
File: xkeyval.tex 2014/12/03 v2.7a key=value parser (HA)
)) (/usr/share/texmf-dist/tex/latex/datetime2-english/datetime2-english.ldf
File: datetime2-english.ldf 2019/10/21 v1.05 (NLCT)
 (/usr/share/texmf-dist/tex/latex/datetime2-english/datetime2-english-base.ldf
File: datetime2-english-base.ldf 2019/10/21 v1.05 (NLCT)
)))) (/usr/share/texmf-dist/tex/latex/base/inputenc.sty
Package: inputenc 2021/02/14 v1.3d Input encoding file
\inpenc@prehook=\toks52
\inpenc@posthook=\toks53
) (/usr/share/texmf-dist/tex/latex/base/fontenc.sty
Package: fontenc 2021/04/29 v2.0v Standard LaTeX package
) (/usr/share/texmf-dist/tex/latex/biblatex/biblatex.sty
Package: biblatex 2022/02/02 v3.17 programmable bibliographies (PK/MW)
 (/usr/share/texmf-dist/tex/latex/logreq/logreq.sty
Package: logreq 2010/08/04 v1.0 xml request logger
\lrq@indent=\count346
 (/usr/share/texmf-dist/tex/latex/logreq/logreq.def
File: logreq.def 2010/08/04 v1.0 logreq spec v1.0
)) (/usr/share/texmf-dist/tex/latex/base/ifthen.sty
Package: ifthen 2020/11/24 v1.1c Standard LaTeX ifthen package (DPC)
)
\c@tabx@nest=\count347
\c@listtotal=\count348
\c@listcount=\count349
\c@liststart=\count350
\c@liststop=\count351
\c@citecount=\count352
\c@citetotal=\count353
\c@multicitecount=\count354
\c@multicitetotal=\count355
\c@instcount=\count356
\c@maxnames=\count357
\c@minnames=\count358
\c@maxitems=\count359
\c@minitems=\count360
\c@citecounter=\count361
\c@maxcitecounter=\count362
\c@savedcitecounter=\count363
\c@uniquelist=\count364
\c@uniquename=\count365
\c@refsection=\count366
\c@refsegment=\count367
\c@maxextratitle=\count368
\c@maxextratitleyear=\count369
\c@maxextraname=\count370
\c@maxextradate=\count371
\c@maxextraalpha=\count372
\c@abbrvpenalty=\count373
\c@highnamepenalty=\count374
\c@lownamepenalty=\count375
\c@maxparens=\count376
\c@parenlevel=\count377
\blx@tempcnta=\count378
\blx@tempcntb=\count379
\blx@tempcntc=\count380
\c@blx@maxsection=\count381
\c@blx@maxsegment@0=\count382
\blx@notetype=\count383
\blx@parenlevel@text=\count384
\blx@parenlevel@foot=\count385
\c@blx@sectionciteorder@0=\count386
\blx@entrysetcounter=\count387
\blx@biblioinstance=\count388
\labelnumberwidth=\skip68
\labelalphawidth=\skip69
\biblabelsep=\skip70
\bibitemsep=\skip71
\bibnamesep=\skip72
\bibinitsep=\skip73
\bibparsep=\skip74
\bibhang=\skip75
\blx@bcfin=\read3
\blx@bcfout=\write5
\blx@langwohyphens=\language87
\c@mincomprange=\count389
\c@maxcomprange=\count390
\c@mincompwidth=\count391
Package biblatex Info: Trying to load biblatex default data model...
Package biblatex Info: ... file 'blx-dm.def' found.
 (/usr/share/texmf-dist/tex/latex/biblatex/blx-dm.def
File: blx-dm.def 2022/02/02 v3.17 biblatex localization (PK/MW)
)
Package biblatex Info: Trying to load biblatex custom data model...
Package biblatex Info: ... file 'biblatex-dm.cfg' not found.
\c@afterword=\count392
\c@savedafterword=\count393
\c@annotator=\count394
\c@savedannotator=\count395
\c@author=\count396
\c@savedauthor=\count397
\c@bookauthor=\count398
\c@savedbookauthor=\count399
\c@commentator=\count400
\c@savedcommentator=\count401
\c@editor=\count402
\c@savededitor=\count403
\c@editora=\count404
\c@savededitora=\count405
\c@editorb=\count406
\c@savededitorb=\count407
\c@editorc=\count408
\c@savededitorc=\count409
\c@foreword=\count410
\c@savedforeword=\count411
\c@holder=\count412
\c@savedholder=\count413
\c@introduction=\count414
\c@savedintroduction=\count415
\c@namea=\count416
\c@savednamea=\count417
\c@nameb=\count418
\c@savednameb=\count419
\c@namec=\count420
\c@savednamec=\count421
\c@translator=\count422
\c@savedtranslator=\count423
\c@shortauthor=\count424
\c@savedshortauthor=\count425
\c@shorteditor=\count426
\c@savedshorteditor=\count427
\c@labelname=\count428
\c@savedlabelname=\count429
\c@institution=\count430
\c@savedinstitution=\count431
\c@lista=\count432
\c@savedlista=\count433
\c@listb=\count434
\c@savedlistb=\count435
\c@listc=\count436
\c@savedlistc=\count437
\c@listd=\count438
\c@savedlistd=\count439
\c@liste=\count440
\c@savedliste=\count441
\c@listf=\count442
\c@savedlistf=\count443
\c@location=\count444
\c@savedlocation=\count445
\c@organization=\count446
\c@savedorganization=\count447
\c@origlocation=\count448
\c@savedoriglocation=\count449
\c@origpublisher=\count450
\c@savedorigpublisher=\count451
\c@publisher=\count452
\c@savedpublisher=\count453
\c@language=\count454
\c@savedlanguage=\count455
\c@origlanguage=\count456
\c@savedoriglanguage=\count457
\c@pageref=\count458
\c@savedpageref=\count459
\shorthandwidth=\skip76
\shortjournalwidth=\skip77
\shortserieswidth=\skip78
\shorttitlewidth=\skip79
\shortauthorwidth=\skip80
\shorteditorwidth=\skip81
\locallabelnumberwidth=\skip82
\locallabelalphawidth=\skip83
\localshorthandwidth=\skip84
\localshortjournalwidth=\skip85
\localshortserieswidth=\skip86
\localshorttitlewidth=\skip87
\localshortauthorwidth=\skip88
\localshorteditorwidth=\skip89
Package biblatex Info: Trying to load compatibility code...
Package biblatex Info: ... file 'blx-compat.def' found.
 (/usr/share/texmf-dist/tex/latex/biblatex/blx-compat.def
File: blx-compat.def 2022/02/02 v3.17 biblatex compatibility (PK/MW)
)
Package biblatex Info: Trying to load generic definitions...
Package biblatex Info: ... file 'biblatex.def' found.
 (/usr/share/texmf-dist/tex/latex/biblatex/biblatex.def
File: biblatex.def 2022/02/02 v3.17 biblatex compatibility (PK/MW)
\c@textcitecount=\count460
\c@textcitetotal=\count461
\c@textcitemaxnames=\count462
\c@biburlbigbreakpenalty=\count463
\c@biburlbreakpenalty=\count464
\c@biburlnumpenalty=\count465
\c@biburlucpenalty=\count466
\c@biburllcpenalty=\count467
\biburlbigskip=\muskip18
\biburlnumskip=\muskip19
\biburlucskip=\muskip20
\biburllcskip=\muskip21
\c@smartand=\count468
)
Package biblatex Info: Trying to load bibliography style 'numeric'...
Package biblatex Info: ... file 'numeric.bbx' found.
 (/usr/share/texmf-dist/tex/latex/biblatex/bbx/numeric.bbx
File: numeric.bbx 2022/02/02 v3.17 biblatex bibliography style (PK/MW)
Package biblatex Info: Trying to load bibliography style 'standard'...
Package biblatex Info: ... file 'standard.bbx' found.
 (/usr/share/texmf-dist/tex/latex/biblatex/bbx/standard.bbx
File: standard.bbx 2022/02/02 v3.17 biblatex bibliography style (PK/MW)
\c@bbx:relatedcount=\count469
\c@bbx:relatedtotal=\count470
))
Package biblatex Info: Trying to load citation style 'numeric'...
Package biblatex Info: ... file 'numeric.cbx' found.
 (/usr/share/texmf-dist/tex/latex/biblatex/cbx/numeric.cbx
File: numeric.cbx 2022/02/02 v3.17 biblatex citation style (PK/MW)
Package biblatex Info: Redefining '\cite'.
Package biblatex Info: Redefining '\parencite'.
Package biblatex Info: Redefining '\footcite'.
Package biblatex Info: Redefining '\footcitetext'.
Package biblatex Info: Redefining '\smartcite'.
Package biblatex Info: Redefining '\supercite'.
Package biblatex Info: Redefining '\textcite'.
Package biblatex Info: Redefining '\textcites'.
Package biblatex Info: Redefining '\cites'.
Package biblatex Info: Redefining '\parencites'.
Package biblatex Info: Redefining '\smartcites'.
)
Package biblatex Info: Trying to load configuration file...
Package biblatex Info: ... file 'biblatex.cfg' found.
 (/usr/share/texmf-dist/tex/latex/biblatex/biblatex.cfg
File: biblatex.cfg 
)
Package biblatex Info: Input encoding 'utf8' detected.
Package biblatex Info: Document encoding is UTF8 ....
 (/usr/share/texmf-dist/tex/latex/l3kernel/expl3.sty
Package: expl3 2022-04-10 L3 programming layer (loader) 
 (/usr/share/texmf-dist/tex/latex/l3backend/l3backend-pdftex.def
File: l3backend-pdftex.def 2022-04-14 L3 backend support: PDF output (pdfTeX)
\l__color_backend_stack_int=\count471
\l__pdf_internal_box=\box83
))
Package biblatex Info: ... and expl3
(biblatex)             2022-04-10 L3 programming layer (loader) 
(biblatex)             is new enough (at least 2020/04/06),
(biblatex)             setting 'casechanger=expl3'.
 (/usr/share/texmf-dist/tex/latex/biblatex/blx-case-expl3.sty (/usr/share/texmf-dist/tex/latex/l3packages/xparse/xparse.sty
Package: xparse 2022-01-12 L3 Experimental document command parser
)
Package: blx-case-expl3 2022/02/02 v3.17 expl3 case changing code for biblatex
)) (/usr/share/texmf-dist/tex/latex/qrcode/qrcode.sty
Package: qrcode 2015/01/08 v1.51 QR code generation
\c@qr@i=\count472
\c@qr@j=\count473
\qr@a=\count474
\qr@b=\count475
\qr@c=\count476
\qr@for@depth=\count477
\qr@for@maxdepth=\count478
\qr@for@start=\count479
\qr@for@end=\count480
\qr@for@step=\count481
\qr@newforcount=\count482
\qr@newforcount=\count483
\qr@desiredheight=\skip90
\qr@modulesize=\skip91
\qr@minipagewidth=\skip92
\c@maski=\count484
\c@maskj=\count485
\c@totalones=\count486
\c@penaltyi=\count487
\c@penaltyii=\count488
\c@penaltyiii=\count489
\c@penaltyiv=\count490
\c@qr@hexchars=\count491
\qr@newforcount=\count492
\c@qr@divisionsremaining=\count493
) (/usr/share/texmf-dist/tex/latex/pythonhighlight/pythonhighlight.sty
Package: pythonhighlight 2017/02/09 python code highlighting; provided by Olivier Verdier <olivier.verdier@gmail.com>
 (/usr/share/texmf-dist/tex/latex/listings/listings.sty
\lst@mode=\count494
\lst@gtempboxa=\box84
\lst@token=\toks54
\lst@length=\count495
\lst@currlwidth=\dimen308
\lst@column=\count496
\lst@pos=\count497
\lst@lostspace=\dimen309
\lst@width=\dimen310
\lst@newlines=\count498
\lst@lineno=\count499
\lst@maxwidth=\dimen311
 (/usr/share/texmf-dist/tex/latex/listings/lstmisc.sty
File: lstmisc.sty 2020/03/24 1.8d (Carsten Heinz)
\c@lstnumber=\count500
\lst@skipnumbers=\count501
\lst@framebox=\box85
) (/usr/share/texmf-dist/tex/latex/listings/listings.cfg
File: listings.cfg 2020/03/24 1.8d listings configuration
))
Package: listings 2020/03/24 1.8d (Carsten Heinz)
)
\@quotelevel=\count502
\@quotereset=\count503


LaTeX Warning: Unused global option(s):
    [17pt].

(./seminar-fg.aux)
\openout1 = `seminar-fg.aux'.

LaTeX Font Info:    Checking defaults for OML/cmm/m/it on input line 33.
LaTeX Font Info:    ... okay on input line 33.
LaTeX Font Info:    Checking defaults for OMS/cmsy/m/n on input line 33.
LaTeX Font Info:    ... okay on input line 33.
LaTeX Font Info:    Checking defaults for OT1/cmr/m/n on input line 33.
LaTeX Font Info:    ... okay on input line 33.
LaTeX Font Info:    Checking defaults for T1/cmr/m/n on input line 33.
LaTeX Font Info:    ... okay on input line 33.
LaTeX Font Info:    Checking defaults for TS1/cmr/m/n on input line 33.
LaTeX Font Info:    ... okay on input line 33.
LaTeX Font Info:    Checking defaults for OMX/cmex/m/n on input line 33.
LaTeX Font Info:    ... okay on input line 33.
LaTeX Font Info:    Checking defaults for U/cmr/m/n on input line 33.
LaTeX Font Info:    ... okay on input line 33.
LaTeX Font Info:    Checking defaults for PD1/pdf/m/n on input line 33.
LaTeX Font Info:    ... okay on input line 33.
LaTeX Font Info:    Checking defaults for PU/pdf/m/n on input line 33.
LaTeX Font Info:    ... okay on input line 33.

*geometry* driver: auto-detecting
*geometry* detected driver: pdftex
*geometry* verbose mode - [ preamble ] result:
* driver: pdftex
* paper: custom
* layout: <same size as paper>
* layoutoffset:(h,v)=(0.0pt,0.0pt)
* modes: includehead includefoot 
* h-part:(L,W,R)=(60.60437pt, 727.53696pt, 175.46814pt)
* v-part:(T,H,B)=(0.0pt, 542.025pt, 0.0pt)
* \paperwidth=963.60947pt
* \paperheight=542.025pt
* \textwidth=727.53696pt
* \textheight=513.57227pt
* \oddsidemargin=-11.66562pt
* \evensidemargin=-11.66562pt
* \topmargin=-72.26999pt
* \headheight=14.22636pt
* \headsep=0.0pt
* \topskip=17.0pt
* \footskip=14.22636pt
* \marginparwidth=2.0pt
* \marginparsep=12.0pt
* \columnsep=10.0pt
* \skip\footins=14.0pt plus 5.0pt minus 3.0pt
* \hoffset=0.0pt
* \voffset=0.0pt
* \mag=1000
* \@twocolumnfalse
* \@twosidefalse
* \@mparswitchfalse
* \@reversemarginfalse
* (1in=72.27pt=25.4mm, 1cm=28.453pt)

(/usr/share/texmf-dist/tex/context/base/mkii/supp-pdf.mkii
[Loading MPS to PDF converter (version 2006.09.02).]
\scratchcounter=\count504
\scratchdimen=\dimen312
\scratchbox=\box86
\nofMPsegments=\count505
\nofMParguments=\count506
\everyMPshowfont=\toks55
\MPscratchCnt=\count507
\MPscratchDim=\dimen313
\MPnumerator=\count508
\makeMPintoPDFobject=\count509
\everyMPtoPDFconversion=\toks56
) (/usr/share/texmf-dist/tex/latex/epstopdf-pkg/epstopdf-base.sty
Package: epstopdf-base 2020-01-24 v2.11 Base part for package epstopdf
Package epstopdf-base Info: Redefining graphics rule for `.eps' on input line 485.
 (/usr/share/texmf-dist/tex/latex/latexconfig/epstopdf-sys.cfg
File: epstopdf-sys.cfg 2010/07/13 v1.3 Configuration of (r)epstopdf for TeX Live
))
Package hyperref Info: Link coloring ON on input line 33.
 (/usr/share/texmf-dist/tex/latex/hyperref/nameref.sty
Package: nameref 2021-04-02 v2.47 Cross-referencing by name of section
 (/usr/share/texmf-dist/tex/latex/refcount/refcount.sty
Package: refcount 2019/12/15 v3.6 Data extraction from label references (HO)
) (/usr/share/texmf-dist/tex/generic/gettitlestring/gettitlestring.sty
Package: gettitlestring 2019/12/15 v1.6 Cleanup title references (HO)
)
\c@section@level=\count510
)
LaTeX Info: Redefining \ref on input line 33.
LaTeX Info: Redefining \pageref on input line 33.
LaTeX Info: Redefining \nameref on input line 33.
\@outlinefile=\write6
\openout6 = `seminar-fg.out'.

LaTeX Font Info:    Overwriting symbol font `operators' in version `normal'
(Font)                  OT1/cmr/m/n --> OT1/cmss/m/n on input line 33.
LaTeX Font Info:    Overwriting symbol font `operators' in version `bold'
(Font)                  OT1/cmr/bx/n --> OT1/cmss/b/n on input line 33.
\symnumbers=\mathgroup6
\sympureletters=\mathgroup7
LaTeX Font Info:    Overwriting math alphabet `\mathrm' in version `normal'
(Font)                  OT1/cmss/m/n --> T1/poppins/m/n on input line 33.
LaTeX Font Info:    Redeclaring math alphabet \mathbf on input line 33.
LaTeX Font Info:    Overwriting math alphabet `\mathbf' in version `normal'
(Font)                  OT1/cmr/bx/n --> T1/cmss/b/n on input line 33.
LaTeX Font Info:    Overwriting math alphabet `\mathbf' in version `bold'
(Font)                  OT1/cmr/bx/n --> T1/cmss/b/n on input line 33.
LaTeX Font Info:    Redeclaring math alphabet \mathsf on input line 33.
LaTeX Font Info:    Overwriting math alphabet `\mathsf' in version `normal'
(Font)                  OT1/cmss/m/n --> T1/cmss/m/n on input line 33.
LaTeX Font Info:    Overwriting math alphabet `\mathsf' in version `bold'
(Font)                  OT1/cmss/bx/n --> T1/cmss/m/n on input line 33.
LaTeX Font Info:    Redeclaring math alphabet \mathit on input line 33.
LaTeX Font Info:    Overwriting math alphabet `\mathit' in version `normal'
(Font)                  OT1/cmr/m/it --> T1/cmss/m/it on input line 33.
LaTeX Font Info:    Overwriting math alphabet `\mathit' in version `bold'
(Font)                  OT1/cmr/bx/it --> T1/cmss/m/it on input line 33.
LaTeX Font Info:    Redeclaring math alphabet \mathtt on input line 33.
LaTeX Font Info:    Overwriting math alphabet `\mathtt' in version `normal'
(Font)                  OT1/cmtt/m/n --> T1/cmtt/m/n on input line 33.
LaTeX Font Info:    Overwriting math alphabet `\mathtt' in version `bold'
(Font)                  OT1/cmtt/m/n --> T1/cmtt/m/n on input line 33.
LaTeX Font Info:    Overwriting symbol font `numbers' in version `bold'
(Font)                  T1/cmss/m/n --> T1/cmss/b/n on input line 33.
LaTeX Font Info:    Overwriting symbol font `pureletters' in version `bold'
(Font)                  T1/cmss/m/it --> T1/cmss/b/it on input line 33.
LaTeX Font Info:    Overwriting math alphabet `\mathrm' in version `bold'
(Font)                  OT1/cmss/b/n --> T1/poppins/b/n on input line 33.
LaTeX Font Info:    Overwriting math alphabet `\mathbf' in version `bold'
(Font)                  T1/cmss/b/n --> T1/cmss/b/n on input line 33.
LaTeX Font Info:    Overwriting math alphabet `\mathsf' in version `bold'
(Font)                  T1/cmss/m/n --> T1/cmss/b/n on input line 33.
LaTeX Font Info:    Overwriting math alphabet `\mathit' in version `bold'
(Font)                  T1/cmss/m/it --> T1/cmss/b/it on input line 33.
LaTeX Font Info:    Overwriting math alphabet `\mathtt' in version `bold'
(Font)                  T1/cmtt/m/n --> T1/cmtt/b/n on input line 33.
LaTeX Font Info:    Redeclaring symbol font `pureletters' on input line 33.
LaTeX Font Info:    Encoding `T1' has changed to `OT1' for symbol font
(Font)              `pureletters' in the math version `normal' on input line 33.
LaTeX Font Info:    Overwriting symbol font `pureletters' in version `normal'
(Font)                  T1/cmss/m/it --> OT1/mathkerncmss/m/sl on input line 33.
LaTeX Font Info:    Encoding `T1' has changed to `OT1' for symbol font
(Font)              `pureletters' in the math version `bold' on input line 33.
LaTeX Font Info:    Overwriting symbol font `pureletters' in version `bold'
(Font)                  T1/cmss/b/it --> OT1/mathkerncmss/m/sl on input line 33.
LaTeX Font Info:    Overwriting symbol font `pureletters' in version `bold'
(Font)                  OT1/mathkerncmss/m/sl --> OT1/mathkerncmss/bx/sl on input line 33.
 (/usr/share/texmf-dist/tex/latex/translator/translator-basic-dictionary-English.dict
Dictionary: translator-basic-dictionary, Language: English 
) (/usr/share/texmf-dist/tex/latex/translator/translator-bibliography-dictionary-English.dict
Dictionary: translator-bibliography-dictionary, Language: English 
) (/usr/share/texmf-dist/tex/latex/translator/translator-environment-dictionary-English.dict
Dictionary: translator-environment-dictionary, Language: English 
) (/usr/share/texmf-dist/tex/latex/translator/translator-months-dictionary-English.dict
Dictionary: translator-months-dictionary, Language: English 
) (/usr/share/texmf-dist/tex/latex/translator/translator-numbers-dictionary-English.dict
Dictionary: translator-numbers-dictionary, Language: English 
) (/usr/share/texmf-dist/tex/latex/translator/translator-theorem-dictionary-English.dict
Dictionary: translator-theorem-dictionary, Language: English 
)
LaTeX Font Info:    Trying to load font information for T1+poppins on input line 33.
 (./t1poppins.fd
File: t1poppins.fd 2021/29/11 font definitions for T1/poppins.
)
Package biblatex Info: Trying to load language 'english'...
Package biblatex Info: ... file 'english.lbx' found.
 (/usr/share/texmf-dist/tex/latex/biblatex/lbx/english.lbx
File: english.lbx 2022/02/02 v3.17 biblatex localization (PK/MW)
)
Package biblatex Info: Input encoding 'utf8' detected.
Package biblatex Info: Automatic encoding selection.
(biblatex)             Assuming data encoding 'utf8'.
\openout5 = `seminar-fg.bcf'.

Package biblatex Info: Trying to load bibliographic data...
Package biblatex Info: ... file 'seminar-fg.bbl' not found.

No file seminar-fg.bbl.
Package biblatex Info: Reference section=0 on input line 33.
Package biblatex Info: Reference segment=0 on input line 33.
\c@lstlisting=\count511
No file seminar-fg.nav.

LaTeX Font Warning: Font shape `T1/cmss/m/n' in size <20> not available
(Font)              size <20.74> substituted on input line 33.

LaTeX Font Info:    Calculating math sizes for size <20> on input line 35.

LaTeX Font Warning: Font shape `OT1/cmss/m/n' in size <20> not available
(Font)              size <20.74> substituted on input line 35.


LaTeX Font Warning: Font shape `OT1/cmss/m/n' in size <13.99994> not available
(Font)              size <14.4> substituted on input line 35.


LaTeX Font Warning: Font shape `OML/cmm/m/it' in size <20> not available
(Font)              size <20.74> substituted on input line 35.


LaTeX Font Warning: Font shape `OML/cmm/m/it' in size <13.99994> not available
(Font)              size <14.4> substituted on input line 35.


LaTeX Font Warning: Font shape `OMS/cmsy/m/n' in size <20> not available
(Font)              size <20.74> substituted on input line 35.


LaTeX Font Warning: Font shape `OMS/cmsy/m/n' in size <13.99994> not available
(Font)              size <14.4> substituted on input line 35.

LaTeX Font Info:    Trying to load font information for U+msa on input line 35.
(/usr/share/texmf-dist/tex/latex/amsfonts/umsa.fd
File: umsa.fd 2013/01/14 v3.01 AMS symbols A
)
LaTeX Font Info:    Trying to load font information for U+msb on input line 35.
 (/usr/share/texmf-dist/tex/latex/amsfonts/umsb.fd
File: umsb.fd 2013/01/14 v3.01 AMS symbols B
)

LaTeX Font Warning: Font shape `T1/cmss/m/n' in size <13.99994> not available
(Font)              size <14.4> substituted on input line 35.

LaTeX Font Info:    Trying to load font information for OT1+mathkerncmss on input line 35.
(/usr/share/texmf-dist/tex/latex/sansmathaccent/ot1mathkerncmss.fd
File: ot1mathkerncmss.fd 2020/01/31 Fontinst v1.933 font definitions for OT1/mathkerncmss.
)
Overfull \hbox (236.07251pt too wide) in paragraph at lines 35--35
[][] 
 []


Overfull \vbox (45.99585pt too high) detected at line 35
 []

<.theme_imgs/TUHH_logo-wortmarke_en_rgb.pdf, id=13, 630.56274pt x 443.73978pt>
File: .theme_imgs/TUHH_logo-wortmarke_en_rgb.pdf Graphic file (type pdf)
<use .theme_imgs/TUHH_logo-wortmarke_en_rgb.pdf>
Package pdftex.def Info: .theme_imgs/TUHH_logo-wortmarke_en_rgb.pdf  used on input line 35.
(pdftex.def)             Requested size: 133.11484pt x 93.6807pt.
<.theme_imgs/e10_logo_titlepage.pdf, id=14, 100.75533pt x 93.68202pt>
File: .theme_imgs/e10_logo_titlepage.pdf Graphic file (type pdf)
<use .theme_imgs/e10_logo_titlepage.pdf>
Package pdftex.def Info: .theme_imgs/e10_logo_titlepage.pdf  used on input line 35.
(pdftex.def)             Requested size: 100.75507pt x 93.6807pt.
<.theme_imgs/TUHH_building-a.pdf, id=15, 360.07524pt x 93.19818pt>
File: .theme_imgs/TUHH_building-a.pdf Graphic file (type pdf)
<use .theme_imgs/TUHH_building-a.pdf>
Package pdftex.def Info: .theme_imgs/TUHH_building-a.pdf  used on input line 35.
(pdftex.def)             Requested size: 422.77948pt x 109.43106pt.
[1

 <./.theme_imgs/TUHH_logo-wortmarke_en_rgb.pdf> <./.theme_imgs/e10_logo_titlepage.pdf

pdfTeX warning: pdflatex (file ./.theme_imgs/e10_logo_titlepage.pdf): PDF inclusion: multiple pdfs with page group included in a single page
> <./.theme_imgs/TUHH_building-a.pdf>]
No file seminar-fg.toc.
<.theme_imgs/TUHH_agenda_icon.pdf, id=30, 459.6372pt x 272.93971pt>
File: .theme_imgs/TUHH_agenda_icon.pdf Graphic file (type pdf)
<use .theme_imgs/TUHH_agenda_icon.pdf>
Package pdftex.def Info: .theme_imgs/TUHH_agenda_icon.pdf  used on input line 40.
(pdftex.def)             Requested size: 169.32233pt x 100.54463pt.
<.theme_imgs/e10_logo_content.pdf, id=31, 220.57407pt x 210.7875pt>
File: .theme_imgs/e10_logo_content.pdf Graphic file (type pdf)
<use .theme_imgs/e10_logo_content.pdf>
Package pdftex.def Info: .theme_imgs/e10_logo_content.pdf  used on input line 40.
(pdftex.def)             Requested size: 73.4628pt x 70.20335pt.
[2

 <./.theme_imgs/TUHH_agenda_icon.pdf> <./.theme_imgs/e10_logo_content.pdf>]
File: .theme_imgs/e10_logo_content.pdf Graphic file (type pdf)
<use .theme_imgs/e10_logo_content.pdf>
Package pdftex.def Info: .theme_imgs/e10_logo_content.pdf  used on input line 42.
(pdftex.def)             Requested size: 73.4628pt x 70.20335pt.
 [3

]
File: .theme_imgs/e10_logo_content.pdf Graphic file (type pdf)
<use .theme_imgs/e10_logo_content.pdf>
Package pdftex.def Info: .theme_imgs/e10_logo_content.pdf  used on input line 57.
(pdftex.def)             Requested size: 73.4628pt x 70.20335pt.
 [4

]
File: .theme_imgs/e10_logo_content.pdf Graphic file (type pdf)
<use .theme_imgs/e10_logo_content.pdf>
Package pdftex.def Info: .theme_imgs/e10_logo_content.pdf  used on input line 59.
(pdftex.def)             Requested size: 73.4628pt x 70.20335pt.
 [5

]
\openout4 = `seminar-fg.vrb'.

 (./seminar-fg.vrb)
File: .theme_imgs/e10_logo_content.pdf Graphic file (type pdf)
<use .theme_imgs/e10_logo_content.pdf>
Package pdftex.def Info: .theme_imgs/e10_logo_content.pdf  used on input line 72.
(pdftex.def)             Requested size: 73.4628pt x 70.20335pt.
 [6

]
\openout4 = `seminar-fg.vrb'.

 (./seminar-fg.vrb
<plots/sample_data.pdf, id=92, 462.52798pt x 346.89601pt>
File: plots/sample_data.pdf Graphic file (type pdf)
<use plots/sample_data.pdf>
Package pdftex.def Info: plots/sample_data.pdf  used on input line 6.
(pdftex.def)             Requested size: 455.26456pt x 341.43306pt.
)
File: .theme_imgs/e10_logo_content.pdf Graphic file (type pdf)
<use .theme_imgs/e10_logo_content.pdf>
Package pdftex.def Info: .theme_imgs/e10_logo_content.pdf  used on input line 83.
(pdftex.def)             Requested size: 73.4628pt x 70.20335pt.
 [7

 <./plots/sample_data.pdf>]
\openout4 = `seminar-fg.vrb'.

 (./seminar-fg.vrb)
File: .theme_imgs/e10_logo_content.pdf Graphic file (type pdf)
<use .theme_imgs/e10_logo_content.pdf>
Package pdftex.def Info: .theme_imgs/e10_logo_content.pdf  used on input line 96.
(pdftex.def)             Requested size: 73.4628pt x 70.20335pt.
 [8

]
\openout4 = `seminar-fg.vrb'.

 (./seminar-fg.vrb
<plots/quadratic_loss.pdf, id=122, 462.52798pt x 346.89601pt>
File: plots/quadratic_loss.pdf Graphic file (type pdf)
<use plots/quadratic_loss.pdf>
Package pdftex.def Info: plots/quadratic_loss.pdf  used on input line 5.
(pdftex.def)             Requested size: 455.26456pt x 341.43306pt.
)
File: .theme_imgs/e10_logo_content.pdf Graphic file (type pdf)
<use .theme_imgs/e10_logo_content.pdf>
Package pdftex.def Info: .theme_imgs/e10_logo_content.pdf  used on input line 105.
(pdftex.def)             Requested size: 73.4628pt x 70.20335pt.
 [9

 <./plots/quadratic_loss.pdf>]
\openout4 = `seminar-fg.vrb'.

 (./seminar-fg.vrb)
File: .theme_imgs/e10_logo_content.pdf Graphic file (type pdf)
<use .theme_imgs/e10_logo_content.pdf>
Package pdftex.def Info: .theme_imgs/e10_logo_content.pdf  used on input line 114.
(pdftex.def)             Requested size: 73.4628pt x 70.20335pt.
 [10

]
\openout4 = `seminar-fg.vrb'.

 (./seminar-fg.vrb
<plots/linear_fit.pdf, id=159, 462.52798pt x 346.89601pt>
File: plots/linear_fit.pdf Graphic file (type pdf)
<use plots/linear_fit.pdf>
Package pdftex.def Info: plots/linear_fit.pdf  used on input line 5.
(pdftex.def)             Requested size: 455.26456pt x 341.43306pt.
)
File: .theme_imgs/e10_logo_content.pdf Graphic file (type pdf)
<use .theme_imgs/e10_logo_content.pdf>
Package pdftex.def Info: .theme_imgs/e10_logo_content.pdf  used on input line 123.
(pdftex.def)             Requested size: 73.4628pt x 70.20335pt.
 [11

 <./plots/linear_fit.pdf>]
\openout4 = `seminar-fg.vrb'.

 (./seminar-fg.vrb
<plots/learning_rates.pdf, id=192, 1084.05pt x 346.89601pt>
File: plots/learning_rates.pdf Graphic file (type pdf)
<use plots/learning_rates.pdf>
Package pdftex.def Info: plots/learning_rates.pdf  used on input line 5.
(pdftex.def)             Requested size: 727.56688pt x 341.44844pt.
)
Overfull \vbox (5.78493pt too high) detected at line 132
 []

File: .theme_imgs/e10_logo_content.pdf Graphic file (type pdf)
<use .theme_imgs/e10_logo_content.pdf>
Package pdftex.def Info: .theme_imgs/e10_logo_content.pdf  used on input line 132.
(pdftex.def)             Requested size: 73.4628pt x 70.20335pt.
[12

 <./plots/learning_rates.pdf>]
\openout4 = `seminar-fg.vrb'.

 (./seminar-fg.vrb
<plots/large_learning_rate.pdf, id=229, 1084.05pt x 346.89601pt>
File: plots/large_learning_rate.pdf Graphic file (type pdf)
<use plots/large_learning_rate.pdf>
Package pdftex.def Info: plots/large_learning_rate.pdf  used on input line 5.
(pdftex.def)             Requested size: 727.56688pt x 341.44844pt.
)
Overfull \vbox (5.78493pt too high) detected at line 144
 []

File: .theme_imgs/e10_logo_content.pdf Graphic file (type pdf)
<use .theme_imgs/e10_logo_content.pdf>
Package pdftex.def Info: .theme_imgs/e10_logo_content.pdf  used on input line 144.
(pdftex.def)             Requested size: 73.4628pt x 70.20335pt.
[13

 <./plots/large_learning_rate.pdf>]
\openout4 = `seminar-fg.vrb'.

 (./seminar-fg.vrb)
File: .theme_imgs/e10_logo_content.pdf Graphic file (type pdf)
<use .theme_imgs/e10_logo_content.pdf>
Package pdftex.def Info: .theme_imgs/e10_logo_content.pdf  used on input line 159.
(pdftex.def)             Requested size: 73.4628pt x 70.20335pt.
 [14

]
\openout4 = `seminar-fg.vrb'.

 (./seminar-fg.vrb
<plots/scaled_weights_biases.pdf, id=269, 1084.05pt x 346.89601pt>
File: plots/scaled_weights_biases.pdf Graphic file (type pdf)
<use plots/scaled_weights_biases.pdf>
Package pdftex.def Info: plots/scaled_weights_biases.pdf  used on input line 5.
(pdftex.def)             Requested size: 727.56688pt x 341.44844pt.
)
Overfull \vbox (5.78493pt too high) detected at line 169
 []

File: .theme_imgs/e10_logo_content.pdf Graphic file (type pdf)
<use .theme_imgs/e10_logo_content.pdf>
Package pdftex.def Info: .theme_imgs/e10_logo_content.pdf  used on input line 169.
(pdftex.def)             Requested size: 73.4628pt x 70.20335pt.
[15

 <./plots/scaled_weights_biases.pdf>]
\openout4 = `seminar-fg.vrb'.

 (./seminar-fg.vrb)
File: .theme_imgs/e10_logo_content.pdf Graphic file (type pdf)
<use .theme_imgs/e10_logo_content.pdf>
Package pdftex.def Info: .theme_imgs/e10_logo_content.pdf  used on input line 212.
(pdftex.def)             Requested size: 73.4628pt x 70.20335pt.
 [16

]
File: .theme_imgs/e10_logo_content.pdf Graphic file (type pdf)
<use .theme_imgs/e10_logo_content.pdf>
Package pdftex.def Info: .theme_imgs/e10_logo_content.pdf  used on input line 214.
(pdftex.def)             Requested size: 73.4628pt x 70.20335pt.
 [17

]
\openout4 = `seminar-fg.vrb'.

 (./seminar-fg.vrb)
File: .theme_imgs/e10_logo_content.pdf Graphic file (type pdf)
<use .theme_imgs/e10_logo_content.pdf>
Package pdftex.def Info: .theme_imgs/e10_logo_content.pdf  used on input line 235.
(pdftex.def)             Requested size: 73.4628pt x 70.20335pt.
 [18

]
\openout4 = `seminar-fg.vrb'.

 (./seminar-fg.vrb)
File: .theme_imgs/e10_logo_content.pdf Graphic file (type pdf)
<use .theme_imgs/e10_logo_content.pdf>
Package pdftex.def Info: .theme_imgs/e10_logo_content.pdf  used on input line 256.
(pdftex.def)             Requested size: 73.4628pt x 70.20335pt.
 [19

]
\openout4 = `seminar-fg.vrb'.

 (./seminar-fg.vrb)
File: .theme_imgs/e10_logo_content.pdf Graphic file (type pdf)
<use .theme_imgs/e10_logo_content.pdf>
Package pdftex.def Info: .theme_imgs/e10_logo_content.pdf  used on input line 270.
(pdftex.def)             Requested size: 73.4628pt x 70.20335pt.
 [20

]
\openout4 = `seminar-fg.vrb'.

 (./seminar-fg.vrb)
File: .theme_imgs/e10_logo_content.pdf Graphic file (type pdf)
<use .theme_imgs/e10_logo_content.pdf>
Package pdftex.def Info: .theme_imgs/e10_logo_content.pdf  used on input line 279.
(pdftex.def)             Requested size: 73.4628pt x 70.20335pt.
 [21

]
\openout4 = `seminar-fg.vrb'.

 (./seminar-fg.vrb
<plots/sgd_linear_fit.pdf, id=339, 462.52798pt x 346.89601pt>
File: plots/sgd_linear_fit.pdf Graphic file (type pdf)
<use plots/sgd_linear_fit.pdf>
Package pdftex.def Info: plots/sgd_linear_fit.pdf  used on input line 5.
(pdftex.def)             Requested size: 455.26456pt x 341.43306pt.
)
File: .theme_imgs/e10_logo_content.pdf Graphic file (type pdf)
<use .theme_imgs/e10_logo_content.pdf>
Package pdftex.def Info: .theme_imgs/e10_logo_content.pdf  used on input line 288.
(pdftex.def)             Requested size: 73.4628pt x 70.20335pt.
 [22

 <./plots/sgd_linear_fit.pdf>]
\openout4 = `seminar-fg.vrb'.

 (./seminar-fg.vrb
<plots/sgd_weight_bias.pdf, id=359, 1084.05pt x 346.89601pt>
File: plots/sgd_weight_bias.pdf Graphic file (type pdf)
<use plots/sgd_weight_bias.pdf>
Package pdftex.def Info: plots/sgd_weight_bias.pdf  used on input line 5.
(pdftex.def)             Requested size: 727.56688pt x 341.44844pt.
)
Overfull \vbox (5.78493pt too high) detected at line 297
 []

File: .theme_imgs/e10_logo_content.pdf Graphic file (type pdf)
<use .theme_imgs/e10_logo_content.pdf>
Package pdftex.def Info: .theme_imgs/e10_logo_content.pdf  used on input line 297.
(pdftex.def)             Requested size: 73.4628pt x 70.20335pt.
[23

 <./plots/sgd_weight_bias.pdf>]
\openout4 = `seminar-fg.vrb'.

 (./seminar-fg.vrb)
Runaway argument?
{Example: Weight distribution \vspace {-1cm} \begin {figure} \centering \ETC.
/home/jonathan/uni/thesis/seminar_talk/seminar-fg.tex:306: File ended while scanning use of \@xdblarg.
<inserted text> 
                \par 
l.306 \end{frame}
                 
I suspect you have forgotten a `}', causing me
to read past where you wanted me to stop.
I'll try to recover; but if the error is serious,
you'd better type `E' or `X' now and fix your file.

File: .theme_imgs/e10_logo_content.pdf Graphic file (type pdf)
<use .theme_imgs/e10_logo_content.pdf>
Package pdftex.def Info: .theme_imgs/e10_logo_content.pdf  used on input line 306.
(pdftex.def)             Requested size: 73.4628pt x 70.20335pt.
[24

]
\openout4 = `seminar-fg.vrb'.

 (./seminar-fg.vrb
<plots/sgd_weight_qq.pdf, id=407, 462.52798pt x 346.89601pt>
File: plots/sgd_weight_qq.pdf Graphic file (type pdf)
<use plots/sgd_weight_qq.pdf>
Package pdftex.def Info: plots/sgd_weight_qq.pdf  used on input line 5.
(pdftex.def)             Requested size: 455.26456pt x 341.43306pt.
)
File: .theme_imgs/e10_logo_content.pdf Graphic file (type pdf)
<use .theme_imgs/e10_logo_content.pdf>
Package pdftex.def Info: .theme_imgs/e10_logo_content.pdf  used on input line 315.
(pdftex.def)             Requested size: 73.4628pt x 70.20335pt.
 [25

 <./plots/sgd_weight_qq.pdf>]
\openout4 = `seminar-fg.vrb'.

 (./seminar-fg.vrb

LaTeX Warning: Citation 'liStochasticModifiedEquations2019' on page 26 undefined on input line 7.


LaTeX Font Warning: Font shape `T1/cmss/bx/n' in size <20> not available
(Font)              size <20.74> substituted on input line 7.

)
File: .theme_imgs/e10_logo_content.pdf Graphic file (type pdf)
<use .theme_imgs/e10_logo_content.pdf>
Package pdftex.def Info: .theme_imgs/e10_logo_content.pdf  used on input line 332.
(pdftex.def)             Requested size: 73.4628pt x 70.20335pt.
 [26

]
File: .theme_imgs/e10_logo_content.pdf Graphic file (type pdf)
<use .theme_imgs/e10_logo_content.pdf>
Package pdftex.def Info: .theme_imgs/e10_logo_content.pdf  used on input line 333.
(pdftex.def)             Requested size: 73.4628pt x 70.20335pt.
 [27

]

LaTeX Warning: Citation 'durrettProbabilityTheoryExamples2019' on page 28 undefined on input line 344.

File: .theme_imgs/e10_logo_content.pdf Graphic file (type pdf)
<use .theme_imgs/e10_logo_content.pdf>
Package pdftex.def Info: .theme_imgs/e10_logo_content.pdf  used on input line 344.
(pdftex.def)             Requested size: 73.4628pt x 70.20335pt.
[28

]
\openout4 = `seminar-fg.vrb'.

 (./seminar-fg.vrb
<plots/brownian_motion.pdf, id=468, 433.62pt x 289.08pt>
File: plots/brownian_motion.pdf Graphic file (type pdf)
<use plots/brownian_motion.pdf>
Package pdftex.def Info: plots/brownian_motion.pdf  used on input line 5.
(pdftex.def)             Requested size: 512.17664pt x 341.43306pt.
)
File: .theme_imgs/e10_logo_content.pdf Graphic file (type pdf)
<use .theme_imgs/e10_logo_content.pdf>
Package pdftex.def Info: .theme_imgs/e10_logo_content.pdf  used on input line 353.
(pdftex.def)             Requested size: 73.4628pt x 70.20335pt.
 [29

 <./plots/brownian_motion.pdf>]
\openout4 = `seminar-fg.vrb'.

 (./seminar-fg.vrb)
File: .theme_imgs/e10_logo_content.pdf Graphic file (type pdf)
<use .theme_imgs/e10_logo_content.pdf>
Package pdftex.def Info: .theme_imgs/e10_logo_content.pdf  used on input line 363.
(pdftex.def)             Requested size: 73.4628pt x 70.20335pt.
 [30

]
\openout4 = `seminar-fg.vrb'.

 (./seminar-fg.vrb
<plots/brownian_motion_variation.pdf, id=503, 433.62pt x 289.08pt>
File: plots/brownian_motion_variation.pdf Graphic file (type pdf)
<use plots/brownian_motion_variation.pdf>
Package pdftex.def Info: plots/brownian_motion_variation.pdf  used on input line 5.
(pdftex.def)             Requested size: 512.17664pt x 341.43306pt.
)
File: .theme_imgs/e10_logo_content.pdf Graphic file (type pdf)
<use .theme_imgs/e10_logo_content.pdf>
Package pdftex.def Info: .theme_imgs/e10_logo_content.pdf  used on input line 372.
(pdftex.def)             Requested size: 73.4628pt x 70.20335pt.
 [31

 <./plots/brownian_motion_variation.pdf>]
\openout4 = `seminar-fg.vrb'.

 (./seminar-fg.vrb

LaTeX Warning: Citation 'eAppliedStochasticAnalysis2021' on page 32 undefined on input line 5.

)
File: .theme_imgs/e10_logo_content.pdf Graphic file (type pdf)
<use .theme_imgs/e10_logo_content.pdf>
Package pdftex.def Info: .theme_imgs/e10_logo_content.pdf  used on input line 380.
(pdftex.def)             Requested size: 73.4628pt x 70.20335pt.
 [32

]

LaTeX Warning: Citation 'eAppliedStochasticAnalysis2021' on page 33 undefined on input line 397.

File: .theme_imgs/e10_logo_content.pdf Graphic file (type pdf)
<use .theme_imgs/e10_logo_content.pdf>
Package pdftex.def Info: .theme_imgs/e10_logo_content.pdf  used on input line 397.
(pdftex.def)             Requested size: 73.4628pt x 70.20335pt.
[33

]
File: .theme_imgs/e10_logo_content.pdf Graphic file (type pdf)
<use .theme_imgs/e10_logo_content.pdf>
Package pdftex.def Info: .theme_imgs/e10_logo_content.pdf  used on input line 404.
(pdftex.def)             Requested size: 73.4628pt x 70.20335pt.
 [34

]
File: .theme_imgs/e10_logo_content.pdf Graphic file (type pdf)
<use .theme_imgs/e10_logo_content.pdf>
Package pdftex.def Info: .theme_imgs/e10_logo_content.pdf  used on input line 405.
(pdftex.def)             Requested size: 73.4628pt x 70.20335pt.
 [35

]

LaTeX Warning: Citation 'kloedenNumericalSolutionStochastic2013' on page 36 undefined on input line 424.

File: .theme_imgs/e10_logo_content.pdf Graphic file (type pdf)
<use .theme_imgs/e10_logo_content.pdf>
Package pdftex.def Info: .theme_imgs/e10_logo_content.pdf  used on input line 424.
(pdftex.def)             Requested size: 73.4628pt x 70.20335pt.
[36

]
File: .theme_imgs/e10_logo_content.pdf Graphic file (type pdf)
<use .theme_imgs/e10_logo_content.pdf>
Package pdftex.def Info: .theme_imgs/e10_logo_content.pdf  used on input line 431.
(pdftex.def)             Requested size: 73.4628pt x 70.20335pt.
 [37

]

LaTeX Warning: Citation 'liStochasticModifiedEquations2019' on page 38 undefined on input line 447.

File: .theme_imgs/e10_logo_content.pdf Graphic file (type pdf)
<use .theme_imgs/e10_logo_content.pdf>
Package pdftex.def Info: .theme_imgs/e10_logo_content.pdf  used on input line 447.
(pdftex.def)             Requested size: 73.4628pt x 70.20335pt.
[38

]
\openout4 = `seminar-fg.vrb'.

 (./seminar-fg.vrb
<plots/sde_sgd.pdf, id=583, 1084.05pt x 289.08pt>
File: plots/sde_sgd.pdf Graphic file (type pdf)
<use plots/sde_sgd.pdf>
Package pdftex.def Info: plots/sde_sgd.pdf  used on input line 5.
(pdftex.def)             Requested size: 1018.57709pt x 341.45108pt.

Overfull \hbox (160.65227pt too wide) in paragraph at lines 4--6
 |  [][][] 
 []

)
Overfull \vbox (4.73566pt too high) detected at line 457
 []

File: .theme_imgs/e10_logo_content.pdf Graphic file (type pdf)
<use .theme_imgs/e10_logo_content.pdf>
Package pdftex.def Info: .theme_imgs/e10_logo_content.pdf  used on input line 457.
(pdftex.def)             Requested size: 73.4628pt x 70.20335pt.
[39

 <./plots/sde_sgd.pdf>]
File: .theme_imgs/e10_logo_content.pdf Graphic file (type pdf)
<use .theme_imgs/e10_logo_content.pdf>
Package pdftex.def Info: .theme_imgs/e10_logo_content.pdf  used on input line 468.
(pdftex.def)             Requested size: 73.4628pt x 70.20335pt.
 [40

]
\openout4 = `seminar-fg.vrb'.

 (./seminar-fg.vrb
<plots/convergence_rate.pdf, id=628, 433.62pt x 289.08pt>
File: plots/convergence_rate.pdf Graphic file (type pdf)
<use plots/convergence_rate.pdf>
Package pdftex.def Info: plots/convergence_rate.pdf  used on input line 5.
(pdftex.def)             Requested size: 512.17664pt x 341.43306pt.
)
File: .theme_imgs/e10_logo_content.pdf Graphic file (type pdf)
<use .theme_imgs/e10_logo_content.pdf>
Package pdftex.def Info: .theme_imgs/e10_logo_content.pdf  used on input line 478.
(pdftex.def)             Requested size: 73.4628pt x 70.20335pt.
 [41

 <./plots/convergence_rate.pdf>]

LaTeX Warning: Citation 'liStochasticModifiedEquations2019' on page 42 undefined on input line 487.

File: .theme_imgs/e10_logo_content.pdf Graphic file (type pdf)
<use .theme_imgs/e10_logo_content.pdf>
Package pdftex.def Info: .theme_imgs/e10_logo_content.pdf  used on input line 487.
(pdftex.def)             Requested size: 73.4628pt x 70.20335pt.
[42

]
File: .theme_imgs/e10_logo_content.pdf Graphic file (type pdf)
<use .theme_imgs/e10_logo_content.pdf>
Package pdftex.def Info: .theme_imgs/e10_logo_content.pdf  used on input line 488.
(pdftex.def)             Requested size: 73.4628pt x 70.20335pt.
 [43

]
File: .theme_imgs/e10_logo_content.pdf Graphic file (type pdf)
<use .theme_imgs/e10_logo_content.pdf>
Package pdftex.def Info: .theme_imgs/e10_logo_content.pdf  used on input line 497.
(pdftex.def)             Requested size: 73.4628pt x 70.20335pt.
 [44

]

LaTeX Warning: Empty bibliography on input line 503.

File: .theme_imgs/e10_logo_content.pdf Graphic file (type pdf)
<use .theme_imgs/e10_logo_content.pdf>
Package pdftex.def Info: .theme_imgs/e10_logo_content.pdf  used on input line 503.
(pdftex.def)             Requested size: 73.4628pt x 70.20335pt.
[45

]
\tf@nav=\write7
\openout7 = `seminar-fg.nav'.

\tf@toc=\write8
\openout8 = `seminar-fg.toc'.

\tf@snm=\write9
\openout9 = `seminar-fg.snm'.

 (./seminar-fg.aux)

LaTeX Font Warning: Size substitutions with differences
(Font)              up to 0.74pt have occurred.


LaTeX Warning: There were undefined references.


Package rerunfilecheck Warning: File `seminar-fg.out' has changed.
(rerunfilecheck)                Rerun to get outlines right
(rerunfilecheck)                or use package `bookmark'.

Package rerunfilecheck Info: Checksums for `seminar-fg.out':
(rerunfilecheck)             Before: <no file>
(rerunfilecheck)             After:  AFDE81053C11921903A9D2E25DBB3061;880.

Package biblatex Warning: Please (re)run Biber on the file:
(biblatex)                seminar-fg
(biblatex)                and rerun LaTeX afterwards.

Package logreq Info: Writing requests to 'seminar-fg.run.xml'.
\openout1 = `seminar-fg.run.xml'.

 ) 
Here is how much of TeX's memory you used:
 38713 strings out of 478238
 766747 string characters out of 5850456
 1449599 words of memory out of 5000000
 56131 multiletter control sequences out of 15000+600000
 494732 words of font info for 93 fonts, out of 8000000 for 9000
 1141 hyphenation exceptions out of 8191
 142i,16n,136p,1041b,2136s stack positions out of 5000i,500n,10000p,200000b,80000s
{/usr/share/texmf-dist/fonts/enc/dvips/cm-super/cm-super-t1.enc}{/usr/share/texmf-dist/fonts/enc/ttf2pk/base/T1-WGL4.enc}<.poppins_font/Poppins-Italic.ttf><.poppins_font/Poppins-Regular.ttf></usr/share/texmf-dist/fonts/type1/public/amsfonts/cm/cmex10.pfb></usr/share/texmf-dist/fonts/type1/public/amsfonts/cm/cmmi12.pfb></usr/share/texmf-dist/fonts/type1/public/amsfonts/cm/cmss10.pfb></usr/share/texmf-dist/fonts/type1/public/amsfonts/cm/cmss12.pfb></usr/share/texmf-dist/fonts/type1/public/amsfonts/cm/cmss17.pfb></usr/share/texmf-dist/fonts/type1/public/amsfonts/cm/cmssi10.pfb></usr/share/texmf-dist/fonts/type1/public/amsfonts/cm/cmssi12.pfb></usr/share/texmf-dist/fonts/type1/public/amsfonts/cm/cmssi17.pfb></usr/share/texmf-dist/fonts/type1/public/amsfonts/cm/cmsy10.pfb></usr/share/texmf-dist/fonts/type1/public/amsfonts/symbols/msbm10.pfb></usr/share/texmf-dist/fonts/type1/public/cm-super/sfss1000.pfb></usr/share/texmf-dist/fonts/type1/public/cm-super/sfss1440.pfb></usr/share/texmf-dist/fonts/type1/public/cm-super/sfss2074.pfb></usr/share/texmf-dist/fonts/type1/public/cm-super/sfsx2074.pfb></usr/share/texmf-dist/fonts/type1/public/cm-super/sfsx2488.pfb>
Output written on seminar-fg.pdf (45 pages, 854297 bytes).
PDF statistics:
 779 PDF objects out of 1000 (max. 8388607)
 396 compressed objects within 4 object streams
 97 named destinations out of 1000 (max. 500000)
 133 words of extra memory for PDF output out of 10000 (max. 10000000)

