\BOOKMARK [1][-]{section.1}{\376\377\000M\000o\000t\000i\000v\000a\000t\000i\000o\000n}{}% 1
\BOOKMARK [1][-]{section.2}{\376\377\000N\000o\000t\000a\000t\000i\000o\000n}{}% 2
\BOOKMARK [2][-]{subsection.2.1}{\376\377\000D\000e\000r\000i\000v\000a\000t\000i\000v\000e\000s}{section.2}% 3
\BOOKMARK [2][-]{subsection.2.2}{\376\377\000F\000u\000n\000c\000t\000i\000o\000n\000\040\000s\000p\000a\000c\000e\000s}{section.2}% 4
\BOOKMARK [2][-]{subsection.2.3}{\376\377\000M\000a\000t\000r\000i\000c\000e\000s}{section.2}% 5
\BOOKMARK [2][-]{subsection.2.4}{\376\377\000M\000i\000s\000c\000e\000l\000l\000a\000n\000e\000o\000u\000s}{section.2}% 6
\BOOKMARK [1][-]{section.3}{\376\377\000I\000n\000t\000r\000o\000d\000u\000c\000t\000i\000o\000n\000\040\000t\000o\000\040\000s\000t\000o\000c\000h\000a\000s\000t\000i\000c\000\040\000g\000r\000a\000d\000i\000e\000n\000t\000\040\000d\000e\000s\000c\000e\000n\000t}{}% 7
\BOOKMARK [2][-]{subsection.3.1}{\376\377\000S\000t\000o\000c\000h\000a\000s\000t\000i\000c\000\040\000p\000r\000o\000c\000e\000s\000s\000e\000s}{section.3}% 8
\BOOKMARK [2][-]{subsection.3.2}{\376\377\000R\000i\000s\000k\000\040\000m\000i\000n\000i\000m\000i\000z\000a\000t\000i\000o\000n}{section.3}% 9
\BOOKMARK [2][-]{subsection.3.3}{\376\377\000C\000h\000a\000r\000a\000c\000t\000e\000r\000i\000z\000a\000t\000i\000o\000n\000\040\000o\000f\000\040\000m\000i\000n\000i\000m\000i\000z\000e\000r\000s}{section.3}% 10
\BOOKMARK [2][-]{subsection.3.4}{\376\377\000G\000r\000a\000d\000i\000e\000n\000t\000\040\000d\000e\000s\000c\000e\000n\000t\000\040\000a\000n\000d\000\040\000s\000t\000o\000c\000h\000a\000s\000t\000i\000c\000\040\000g\000r\000a\000d\000i\000e\000n\000t\000\040\000d\000e\000s\000c\000e\000n\000t}{section.3}% 11
\BOOKMARK [2][-]{subsection.3.5}{\376\377\000C\000o\000n\000v\000e\000r\000g\000e\000n\000c\000e\000\040\000a\000n\000a\000l\000y\000s\000i\000s\000\040\000o\000f\000\040\000s\000t\000o\000c\000h\000a\000s\000t\000i\000c\000\040\000g\000r\000a\000d\000i\000e\000n\000t\000\040\000d\000e\000s\000c\000e\000n\000t}{section.3}% 12
\BOOKMARK [3][-]{subsubsection.3.5.1}{\376\377\000C\000o\000n\000v\000e\000r\000g\000e\000n\000c\000e\000\040\000a\000s\000s\000u\000m\000p\000t\000i\000o\000n\000s}{subsection.3.5}% 13
\BOOKMARK [3][-]{subsubsection.3.5.2}{\376\377\000C\000o\000n\000v\000e\000r\000g\000e\000n\000c\000e\000\040\000r\000e\000s\000u\000l\000t\000s}{subsection.3.5}% 14
\BOOKMARK [2][-]{subsection.3.6}{\376\377\000S\000u\000m\000m\000a\000r\000y\000\040\000a\000n\000d\000\040\000o\000u\000t\000l\000o\000o\000k}{section.3}% 15
\BOOKMARK [1][-]{section.4}{\376\377\000S\000t\000o\000c\000h\000a\000s\000t\000i\000c\000\040\000d\000i\000f\000f\000e\000r\000e\000n\000t\000i\000a\000l\000\040\000e\000q\000u\000a\000t\000i\000o\000n\000s}{}% 16
\BOOKMARK [2][-]{subsection.4.1}{\376\377\000O\000r\000d\000i\000n\000a\000r\000y\000\040\000d\000i\000f\000f\000e\000r\000e\000n\000t\000i\000a\000l\000\040\000e\000q\000u\000a\000t\000i\000o\000n\000s}{section.4}% 17
\BOOKMARK [2][-]{subsection.4.2}{\376\377\000I\000t\000\364\000\040\000I\000n\000t\000e\000g\000r\000a\000l}{section.4}% 18
\BOOKMARK [2][-]{subsection.4.3}{\376\377\000E\000x\000i\000s\000t\000e\000n\000c\000e\000\040\000a\000n\000d\000\040\000u\000n\000i\000q\000u\000e\000n\000e\000s\000s}{section.4}% 19
\BOOKMARK [2][-]{subsection.4.4}{\376\377\000N\000u\000m\000e\000r\000i\000c\000a\000l\000\040\000a\000p\000p\000r\000o\000x\000i\000m\000a\000t\000i\000o\000n\000s}{section.4}% 20
\BOOKMARK [1][-]{section.5}{\376\377\000S\000t\000o\000c\000h\000a\000s\000t\000i\000c\000\040\000m\000o\000d\000i\000f\000i\000e\000d\000\040\000d\000i\000f\000f\000e\000r\000e\000n\000t\000i\000a\000l\000\040\000e\000q\000u\000a\000t\000i\000o\000n\000s}{}% 21
\BOOKMARK [2][-]{subsection.5.1}{\376\377\000G\000r\000a\000d\000i\000e\000n\000t\000\040\000d\000e\000s\000c\000e\000n\000t}{section.5}% 22
\BOOKMARK [2][-]{subsection.5.2}{\376\377\000S\000t\000o\000c\000h\000a\000s\000t\000i\000c\000\040\000g\000r\000a\000d\000i\000e\000n\000t\000\040\000d\000e\000s\000c\000e\000n\000t}{section.5}% 23
\BOOKMARK [1][-]{section.6}{\376\377\000S\000t\000o\000c\000h\000a\000s\000t\000i\000c\000\040\000m\000o\000d\000i\000f\000i\000e\000d\000\040\000e\000q\000u\000a\000t\000i\000o\000n\000s\000\040\000i\000n\000\040\000d\000e\000e\000p\000\040\000l\000e\000a\000r\000n\000i\000n\000g}{}% 24
\BOOKMARK [2][-]{subsection.6.1}{\376\377\000D\000e\000e\000p\000\040\000l\000e\000a\000r\000n\000i\000n\000g\000\040\000a\000r\000c\000h\000i\000t\000e\000c\000t\000u\000r\000e\000s}{section.6}% 25
\BOOKMARK [3][-]{subsubsection.6.1.1}{\376\377\000D\000a\000t\000a\000s\000e\000t\000s}{subsection.6.1}% 26
\BOOKMARK [3][-]{subsubsection.6.1.2}{\376\377\000F\000u\000l\000l\000y\000\040\000c\000o\000n\000n\000e\000c\000t\000e\000d\000\040\000n\000e\000u\000r\000a\000l\000\040\000n\000e\000t\000w\000o\000r\000k}{subsection.6.1}% 27
\BOOKMARK [3][-]{subsubsection.6.1.3}{\376\377\000A\000l\000e\000x\000N\000e\000t}{subsection.6.1}% 28
\BOOKMARK [3][-]{subsubsection.6.1.4}{\376\377\000P\000r\000e\000R\000e\000s\000N\000e\000t\000-\0003\0002}{subsection.6.1}% 29
\BOOKMARK [2][-]{subsection.6.2}{\376\377\000S\000i\000m\000u\000l\000a\000t\000i\000n\000g\000\040\000s\000t\000o\000c\000h\000a\000s\000t\000i\000c\000\040\000m\000o\000d\000i\000f\000i\000e\000d\000\040\000e\000q\000u\000a\000t\000i\000o\000n\000s}{section.6}% 30
\BOOKMARK [2][-]{subsection.6.3}{\376\377\000E\000x\000p\000e\000r\000i\000m\000e\000n\000t\000s}{section.6}% 31
\BOOKMARK [3][-]{subsubsection.6.3.1}{\376\377\000F\000u\000l\000l\000y\000\040\000c\000o\000n\000n\000e\000c\000t\000e\000d\000\040\000n\000e\000u\000r\000a\000l\000\040\000n\000e\000t\000w\000o\000r\000k\000\040\000o\000n\000\040\000M\000N\000I\000S\000T}{subsection.6.3}% 32
\BOOKMARK [3][-]{subsubsection.6.3.2}{\376\377\000A\000l\000e\000x\000N\000e\000t\000\040\000o\000n\000\040\000C\000I\000F\000A\000R\000-\0001\0000}{subsection.6.3}% 33
\BOOKMARK [3][-]{subsubsection.6.3.3}{\376\377\000P\000r\000e\000R\000e\000s\000N\000e\000t\000\040\000o\000n\000\040\000C\000I\000F\000A\000R\000-\0001\0000}{subsection.6.3}% 34
\BOOKMARK [2][-]{subsection.6.4}{\376\377\000D\000i\000s\000c\000u\000s\000s\000i\000o\000n}{section.6}% 35
\BOOKMARK [1][-]{section.7}{\376\377\000A\000p\000p\000l\000i\000c\000a\000t\000i\000o\000n\000s\000\040\000o\000f\000\040\000s\000t\000o\000c\000h\000a\000s\000t\000i\000c\000\040\000m\000o\000d\000i\000f\000i\000e\000d\000\040\000e\000q\000u\000a\000t\000i\000o\000n\000s}{}% 36
\BOOKMARK [1][-]{section.8}{\376\377\000C\000o\000n\000c\000l\000u\000s\000i\000o\000n}{}% 37
\BOOKMARK [1][-]{appendix.A}{\376\377\000A\000p\000p\000e\000n\000d\000i\000x}{}% 38
